16/Mar/2021:17:19:54 404 [Main.java] [INFO] iiitb.org.ScientificCalculator.entities.Main CLI Version
16/Mar/2021:17:19:54 467 [ScientificCalculator.java] [INFO] iiitb.org.ScientificCalculator.entities.ScientificCalculator Computing compute_expression function
16/Mar/2021:17:19:54 509 [Main.java] [INFO] iiitb.org.ScientificCalculator.entities.Main CLI Version
16/Mar/2021:17:19:54 517 [ScientificCalculator.java] [INFO] iiitb.org.ScientificCalculator.entities.ScientificCalculator Computing compute_expression function
16/Mar/2021:17:19:54 536 [Main.java] [INFO] iiitb.org.ScientificCalculator.entities.Main CLI Version
16/Mar/2021:17:19:54 538 [ScientificCalculator.java] [INFO] iiitb.org.ScientificCalculator.entities.ScientificCalculator Computing compute_expression function
16/Mar/2021:17:19:54 542 [Main.java] [INFO] iiitb.org.ScientificCalculator.entities.Main CLI Version
16/Mar/2021:17:19:54 544 [ScientificCalculator.java] [INFO] iiitb.org.ScientificCalculator.entities.ScientificCalculator Computing compute_expression function
16/Mar/2021:17:19:54 550 [Main.java] [INFO] iiitb.org.ScientificCalculator.entities.Main CLI Version
16/Mar/2021:17:19:54 554 [ScientificCalculator.java] [INFO] iiitb.org.ScientificCalculator.entities.ScientificCalculator Computing compute_expression function
16/Mar/2021:17:19:54 556 [Main.java] [INFO] iiitb.org.ScientificCalculator.entities.Main CLI Version
16/Mar/2021:17:19:54 559 [ScientificCalculator.java] [INFO] iiitb.org.ScientificCalculator.entities.ScientificCalculator Computing compute_expression function
16/Mar/2021:17:19:54 560 [Main.java] [INFO] iiitb.org.ScientificCalculator.entities.Main CLI Version
16/Mar/2021:17:19:54 562 [ScientificCalculator.java] [INFO] iiitb.org.ScientificCalculator.entities.ScientificCalculator Computing compute_expression function
16/Mar/2021:17:19:54 585 [Main.java] [INFO] iiitb.org.ScientificCalculator.entities.Main CLI Version
16/Mar/2021:17:19:54 587 [ScientificCalculator.java] [INFO] iiitb.org.ScientificCalculator.entities.ScientificCalculator Computing compute_expression function
16/Mar/2021:17:19:54 589 [Main.java] [INFO] iiitb.org.ScientificCalculator.entities.Main CLI Version
16/Mar/2021:17:19:54 589 [ScientificCalculator.java] [INFO] iiitb.org.ScientificCalculator.entities.ScientificCalculator Computing compute_expression function
16/Mar/2021:17:19:54 591 [Main.java] [INFO] iiitb.org.ScientificCalculator.entities.Main CLI Version
16/Mar/2021:17:19:54 591 [ScientificCalculator.java] [INFO] iiitb.org.ScientificCalculator.entities.ScientificCalculator Computing compute_expression function
16/Mar/2021:17:19:54 593 [Main.java] [INFO] iiitb.org.ScientificCalculator.entities.Main CLI Version
16/Mar/2021:17:19:54 593 [ScientificCalculator.java] [INFO] iiitb.org.ScientificCalculator.entities.ScientificCalculator Computing compute_expression function
16/Mar/2021:17:19:54 595 [Main.java] [INFO] iiitb.org.ScientificCalculator.entities.Main CLI Version
16/Mar/2021:17:19:54 596 [ScientificCalculator.java] [INFO] iiitb.org.ScientificCalculator.entities.ScientificCalculator Computing compute_expression function
16/Mar/2021:17:19:54 613 [Main.java] [INFO] iiitb.org.ScientificCalculator.entities.Main CLI Version
16/Mar/2021:17:19:54 631 [ScientificCalculator.java] [INFO] iiitb.org.ScientificCalculator.entities.ScientificCalculator Computing compute_expression function
16/Mar/2021:17:19:54 641 [Main.java] [INFO] iiitb.org.ScientificCalculator.entities.Main CLI Version
16/Mar/2021:17:19:54 642 [ScientificCalculator.java] [INFO] iiitb.org.ScientificCalculator.entities.ScientificCalculator Computing compute_expression function
16/Mar/2021:17:19:54 644 [Main.java] [INFO] iiitb.org.ScientificCalculator.entities.Main CLI Version
16/Mar/2021:17:19:54 645 [ScientificCalculator.java] [INFO] iiitb.org.ScientificCalculator.entities.ScientificCalculator Computing compute_expression function
16/Mar/2021:17:19:54 647 [Main.java] [INFO] iiitb.org.ScientificCalculator.entities.Main CLI Version
16/Mar/2021:17:19:54 655 [ScientificCalculator.java] [INFO] iiitb.org.ScientificCalculator.entities.ScientificCalculator Computing compute_expression function
16/Mar/2021:17:19:54 656 [Main.java] [INFO] iiitb.org.ScientificCalculator.entities.Main CLI Version
16/Mar/2021:17:19:54 658 [ScientificCalculator.java] [INFO] iiitb.org.ScientificCalculator.entities.ScientificCalculator Computing compute_expression function
16/Mar/2021:17:19:54 659 [Main.java] [INFO] iiitb.org.ScientificCalculator.entities.Main CLI Version
16/Mar/2021:17:19:54 668 [ScientificCalculator.java] [INFO] iiitb.org.ScientificCalculator.entities.ScientificCalculator Computing compute_expression function
16/Mar/2021:17:19:54 670 [Main.java] [INFO] iiitb.org.ScientificCalculator.entities.Main CLI Version
16/Mar/2021:17:19:54 671 [ScientificCalculator.java] [INFO] iiitb.org.ScientificCalculator.entities.ScientificCalculator Computing compute_expression function
16/Mar/2021:17:19:54 672 [Main.java] [INFO] iiitb.org.ScientificCalculator.entities.Main CLI Version
16/Mar/2021:17:19:54 673 [ScientificCalculator.java] [INFO] iiitb.org.ScientificCalculator.entities.ScientificCalculator Computing compute_expression function
16/Mar/2021:17:19:54 675 [Main.java] [INFO] iiitb.org.ScientificCalculator.entities.Main CLI Version
16/Mar/2021:17:19:54 676 [ScientificCalculator.java] [INFO] iiitb.org.ScientificCalculator.entities.ScientificCalculator Computing compute_expression function
16/Mar/2021:17:19:54 678 [Main.java] [INFO] iiitb.org.ScientificCalculator.entities.Main CLI Version
16/Mar/2021:17:19:54 679 [ScientificCalculator.java] [INFO] iiitb.org.ScientificCalculator.entities.ScientificCalculator Computing compute_expression function
16/Mar/2021:17:19:54 683 [Main.java] [INFO] iiitb.org.ScientificCalculator.entities.Main CLI Version
16/Mar/2021:17:19:54 684 [ScientificCalculator.java] [INFO] iiitb.org.ScientificCalculator.entities.ScientificCalculator Computing compute_expression function
16/Mar/2021:17:19:54 686 [Main.java] [INFO] iiitb.org.ScientificCalculator.entities.Main CLI Version
16/Mar/2021:17:19:54 687 [ScientificCalculator.java] [INFO] iiitb.org.ScientificCalculator.entities.ScientificCalculator Computing compute_expression function
16/Mar/2021:17:19:54 688 [Main.java] [INFO] iiitb.org.ScientificCalculator.entities.Main CLI Version
16/Mar/2021:17:19:54 689 [ScientificCalculator.java] [INFO] iiitb.org.ScientificCalculator.entities.ScientificCalculator Computing compute_expression function
16/Mar/2021:17:19:54 691 [Main.java] [INFO] iiitb.org.ScientificCalculator.entities.Main CLI Version
16/Mar/2021:17:19:54 692 [ScientificCalculator.java] [INFO] iiitb.org.ScientificCalculator.entities.ScientificCalculator Computing compute_expression function
16/Mar/2021:17:19:54 693 [Main.java] [INFO] iiitb.org.ScientificCalculator.entities.Main CLI Version
16/Mar/2021:17:19:54 694 [ScientificCalculator.java] [INFO] iiitb.org.ScientificCalculator.entities.ScientificCalculator Computing compute_expression function
16/Mar/2021:17:19:54 696 [Main.java] [INFO] iiitb.org.ScientificCalculator.entities.Main CLI Version
16/Mar/2021:17:19:54 697 [ScientificCalculator.java] [INFO] iiitb.org.ScientificCalculator.entities.ScientificCalculator Computing compute_expression function
16/Mar/2021:17:19:54 698 [Main.java] [INFO] iiitb.org.ScientificCalculator.entities.Main CLI Version
16/Mar/2021:17:19:54 699 [ScientificCalculator.java] [INFO] iiitb.org.ScientificCalculator.entities.ScientificCalculator Computing compute_expression function
16/Mar/2021:17:19:54 700 [Main.java] [INFO] iiitb.org.ScientificCalculator.entities.Main CLI Version
16/Mar/2021:17:19:54 701 [ScientificCalculator.java] [INFO] iiitb.org.ScientificCalculator.entities.ScientificCalculator Computing compute_expression function
16/Mar/2021:17:19:54 703 [Main.java] [INFO] iiitb.org.ScientificCalculator.entities.Main CLI Version
16/Mar/2021:17:19:54 704 [ScientificCalculator.java] [INFO] iiitb.org.ScientificCalculator.entities.ScientificCalculator Computing compute_expression function
16/Mar/2021:17:19:54 709 [Main.java] [INFO] iiitb.org.ScientificCalculator.entities.Main CLI Version
16/Mar/2021:17:19:54 710 [ScientificCalculator.java] [INFO] iiitb.org.ScientificCalculator.entities.ScientificCalculator Computing compute_expression function
16/Mar/2021:17:19:54 711 [Main.java] [INFO] iiitb.org.ScientificCalculator.entities.Main CLI Version
16/Mar/2021:17:19:54 713 [ScientificCalculator.java] [INFO] iiitb.org.ScientificCalculator.entities.ScientificCalculator Computing compute_expression function
16/Mar/2021:17:19:54 716 [Main.java] [INFO] iiitb.org.ScientificCalculator.entities.Main CLI Version
16/Mar/2021:17:19:54 717 [ScientificCalculator.java] [INFO] iiitb.org.ScientificCalculator.entities.ScientificCalculator Computing compute_expression function
16/Mar/2021:17:19:54 719 [Main.java] [INFO] iiitb.org.ScientificCalculator.entities.Main CLI Version
16/Mar/2021:17:19:54 720 [ScientificCalculator.java] [INFO] iiitb.org.ScientificCalculator.entities.ScientificCalculator Computing compute_expression function
16/Mar/2021:17:19:54 721 [Main.java] [INFO] iiitb.org.ScientificCalculator.entities.Main CLI Version
16/Mar/2021:17:19:54 722 [ScientificCalculator.java] [INFO] iiitb.org.ScientificCalculator.entities.ScientificCalculator Computing compute_expression function
16/Mar/2021:17:19:54 724 [Main.java] [INFO] iiitb.org.ScientificCalculator.entities.Main CLI Version
16/Mar/2021:17:19:54 725 [ScientificCalculator.java] [INFO] iiitb.org.ScientificCalculator.entities.ScientificCalculator Computing compute_expression function
16/Mar/2021:17:19:54 726 [Main.java] [INFO] iiitb.org.ScientificCalculator.entities.Main CLI Version
16/Mar/2021:17:19:54 727 [ScientificCalculator.java] [INFO] iiitb.org.ScientificCalculator.entities.ScientificCalculator Computing compute_expression function
16/Mar/2021:17:19:54 729 [Main.java] [INFO] iiitb.org.ScientificCalculator.entities.Main CLI Version
16/Mar/2021:17:19:54 730 [ScientificCalculator.java] [INFO] iiitb.org.ScientificCalculator.entities.ScientificCalculator Computing compute_expression function
16/Mar/2021:17:19:54 732 [Main.java] [INFO] iiitb.org.ScientificCalculator.entities.Main CLI Version
16/Mar/2021:17:19:54 733 [ScientificCalculator.java] [INFO] iiitb.org.ScientificCalculator.entities.ScientificCalculator Computing compute_expression function
16/Mar/2021:17:19:54 734 [Main.java] [INFO] iiitb.org.ScientificCalculator.entities.Main CLI Version
16/Mar/2021:17:19:54 735 [ScientificCalculator.java] [INFO] iiitb.org.ScientificCalculator.entities.ScientificCalculator Computing compute_expression function
16/Mar/2021:17:19:54 737 [Main.java] [INFO] iiitb.org.ScientificCalculator.entities.Main CLI Version
16/Mar/2021:17:19:54 738 [ScientificCalculator.java] [INFO] iiitb.org.ScientificCalculator.entities.ScientificCalculator Computing compute_expression function
16/Mar/2021:17:19:54 739 [Main.java] [INFO] iiitb.org.ScientificCalculator.entities.Main CLI Version
16/Mar/2021:17:19:54 745 [ScientificCalculator.java] [INFO] iiitb.org.ScientificCalculator.entities.ScientificCalculator Computing compute_expression function
16/Mar/2021:17:19:54 746 [Main.java] [INFO] iiitb.org.ScientificCalculator.entities.Main CLI Version
16/Mar/2021:17:19:54 750 [ScientificCalculator.java] [INFO] iiitb.org.ScientificCalculator.entities.ScientificCalculator Computing compute_expression function
16/Mar/2021:17:19:54 752 [Main.java] [INFO] iiitb.org.ScientificCalculator.entities.Main CLI Version
16/Mar/2021:17:19:54 753 [ScientificCalculator.java] [INFO] iiitb.org.ScientificCalculator.entities.ScientificCalculator Computing compute_expression function
16/Mar/2021:17:19:54 754 [Main.java] [INFO] iiitb.org.ScientificCalculator.entities.Main CLI Version
16/Mar/2021:17:19:54 755 [ScientificCalculator.java] [INFO] iiitb.org.ScientificCalculator.entities.ScientificCalculator Computing compute_expression function
16/Mar/2021:17:19:54 759 [Main.java] [INFO] iiitb.org.ScientificCalculator.entities.Main CLI Version
16/Mar/2021:17:19:54 760 [ScientificCalculator.java] [INFO] iiitb.org.ScientificCalculator.entities.ScientificCalculator Computing compute_expression function
16/Mar/2021:17:19:54 765 [Main.java] [INFO] iiitb.org.ScientificCalculator.entities.Main CLI Version
16/Mar/2021:17:19:54 766 [ScientificCalculator.java] [INFO] iiitb.org.ScientificCalculator.entities.ScientificCalculator Computing compute_expression function
16/Mar/2021:17:19:54 768 [Main.java] [INFO] iiitb.org.ScientificCalculator.entities.Main CLI Version
16/Mar/2021:17:19:54 769 [ScientificCalculator.java] [INFO] iiitb.org.ScientificCalculator.entities.ScientificCalculator Computing compute_expression function
16/Mar/2021:17:19:54 771 [Main.java] [INFO] iiitb.org.ScientificCalculator.entities.Main CLI Version
16/Mar/2021:17:19:54 772 [ScientificCalculator.java] [INFO] iiitb.org.ScientificCalculator.entities.ScientificCalculator Computing compute_expression function
16/Mar/2021:17:19:54 773 [Main.java] [INFO] iiitb.org.ScientificCalculator.entities.Main CLI Version
16/Mar/2021:17:19:54 774 [ScientificCalculator.java] [INFO] iiitb.org.ScientificCalculator.entities.ScientificCalculator Computing compute_expression function
16/Mar/2021:17:19:54 776 [Main.java] [INFO] iiitb.org.ScientificCalculator.entities.Main CLI Version
16/Mar/2021:17:19:54 777 [ScientificCalculator.java] [INFO] iiitb.org.ScientificCalculator.entities.ScientificCalculator Computing compute_expression function
16/Mar/2021:17:19:54 779 [Main.java] [INFO] iiitb.org.ScientificCalculator.entities.Main CLI Version
16/Mar/2021:17:19:54 780 [ScientificCalculator.java] [INFO] iiitb.org.ScientificCalculator.entities.ScientificCalculator Computing compute_expression function
16/Mar/2021:17:19:54 790 [Main.java] [INFO] iiitb.org.ScientificCalculator.entities.Main CLI Version
16/Mar/2021:17:19:54 791 [ScientificCalculator.java] [INFO] iiitb.org.ScientificCalculator.entities.ScientificCalculator Computing compute_expression function
16/Mar/2021:17:19:54 792 [Main.java] [INFO] iiitb.org.ScientificCalculator.entities.Main CLI Version
16/Mar/2021:17:19:54 793 [ScientificCalculator.java] [INFO] iiitb.org.ScientificCalculator.entities.ScientificCalculator Computing compute_expression function
16/Mar/2021:17:19:54 795 [Main.java] [INFO] iiitb.org.ScientificCalculator.entities.Main CLI Version
16/Mar/2021:17:19:54 796 [ScientificCalculator.java] [INFO] iiitb.org.ScientificCalculator.entities.ScientificCalculator Computing compute_expression function
16/Mar/2021:17:19:54 797 [Main.java] [INFO] iiitb.org.ScientificCalculator.entities.Main CLI Version
16/Mar/2021:17:19:54 798 [ScientificCalculator.java] [INFO] iiitb.org.ScientificCalculator.entities.ScientificCalculator Computing compute_expression function
16/Mar/2021:17:19:54 800 [Main.java] [INFO] iiitb.org.ScientificCalculator.entities.Main CLI Version
16/Mar/2021:17:19:54 800 [ScientificCalculator.java] [INFO] iiitb.org.ScientificCalculator.entities.ScientificCalculator Computing compute_expression function
16/Mar/2021:17:19:54 802 [Main.java] [INFO] iiitb.org.ScientificCalculator.entities.Main CLI Version
16/Mar/2021:17:19:54 803 [ScientificCalculator.java] [INFO] iiitb.org.ScientificCalculator.entities.ScientificCalculator Computing compute_expression function
16/Mar/2021:17:19:54 805 [Main.java] [INFO] iiitb.org.ScientificCalculator.entities.Main CLI Version
16/Mar/2021:17:19:54 806 [ScientificCalculator.java] [INFO] iiitb.org.ScientificCalculator.entities.ScientificCalculator Computing compute_expression function
16/Mar/2021:17:19:54 807 [Main.java] [INFO] iiitb.org.ScientificCalculator.entities.Main CLI Version
16/Mar/2021:17:19:54 807 [ScientificCalculator.java] [INFO] iiitb.org.ScientificCalculator.entities.ScientificCalculator Computing compute_expression function
16/Mar/2021:17:19:54 809 [Main.java] [INFO] iiitb.org.ScientificCalculator.entities.Main CLI Version
16/Mar/2021:17:19:54 810 [ScientificCalculator.java] [INFO] iiitb.org.ScientificCalculator.entities.ScientificCalculator Computing compute_expression function
16/Mar/2021:17:19:54 815 [Main.java] [INFO] iiitb.org.ScientificCalculator.entities.Main CLI Version
16/Mar/2021:17:19:54 818 [ScientificCalculator.java] [INFO] iiitb.org.ScientificCalculator.entities.ScientificCalculator Computing compute_expression function
16/Mar/2021:17:19:54 820 [Main.java] [INFO] iiitb.org.ScientificCalculator.entities.Main CLI Version
16/Mar/2021:17:19:54 821 [ScientificCalculator.java] [INFO] iiitb.org.ScientificCalculator.entities.ScientificCalculator Computing compute_expression function
16/Mar/2021:17:19:54 822 [Main.java] [INFO] iiitb.org.ScientificCalculator.entities.Main CLI Version
16/Mar/2021:17:19:54 823 [ScientificCalculator.java] [INFO] iiitb.org.ScientificCalculator.entities.ScientificCalculator Computing compute_expression function
16/Mar/2021:17:19:54 825 [Main.java] [INFO] iiitb.org.ScientificCalculator.entities.Main CLI Version
16/Mar/2021:17:19:54 826 [ScientificCalculator.java] [INFO] iiitb.org.ScientificCalculator.entities.ScientificCalculator Computing compute_expression function
16/Mar/2021:17:19:54 827 [Main.java] [INFO] iiitb.org.ScientificCalculator.entities.Main CLI Version
16/Mar/2021:17:19:54 828 [ScientificCalculator.java] [INFO] iiitb.org.ScientificCalculator.entities.ScientificCalculator Computing compute_expression function
16/Mar/2021:17:19:54 829 [Main.java] [INFO] iiitb.org.ScientificCalculator.entities.Main CLI Version
16/Mar/2021:17:19:54 830 [ScientificCalculator.java] [INFO] iiitb.org.ScientificCalculator.entities.ScientificCalculator Computing compute_expression function
16/Mar/2021:17:19:54 831 [Main.java] [INFO] iiitb.org.ScientificCalculator.entities.Main CLI Version
16/Mar/2021:17:19:54 832 [ScientificCalculator.java] [INFO] iiitb.org.ScientificCalculator.entities.ScientificCalculator Computing compute_expression function
16/Mar/2021:17:19:54 837 [Main.java] [INFO] iiitb.org.ScientificCalculator.entities.Main CLI Version
16/Mar/2021:17:19:54 838 [ScientificCalculator.java] [INFO] iiitb.org.ScientificCalculator.entities.ScientificCalculator Computing compute_expression function
16/Mar/2021:17:19:54 839 [Main.java] [INFO] iiitb.org.ScientificCalculator.entities.Main CLI Version
16/Mar/2021:17:19:54 840 [ScientificCalculator.java] [INFO] iiitb.org.ScientificCalculator.entities.ScientificCalculator Computing compute_expression function
16/Mar/2021:17:19:54 841 [Main.java] [INFO] iiitb.org.ScientificCalculator.entities.Main CLI Version
16/Mar/2021:17:19:54 842 [ScientificCalculator.java] [INFO] iiitb.org.ScientificCalculator.entities.ScientificCalculator Computing compute_expression function
16/Mar/2021:17:19:54 843 [Main.java] [INFO] iiitb.org.ScientificCalculator.entities.Main CLI Version
16/Mar/2021:17:19:54 844 [ScientificCalculator.java] [INFO] iiitb.org.ScientificCalculator.entities.ScientificCalculator Computing compute_expression function
16/Mar/2021:17:19:54 845 [Main.java] [INFO] iiitb.org.ScientificCalculator.entities.Main CLI Version
16/Mar/2021:17:19:54 846 [ScientificCalculator.java] [INFO] iiitb.org.ScientificCalculator.entities.ScientificCalculator Computing compute_expression function
16/Mar/2021:17:19:54 847 [Main.java] [INFO] iiitb.org.ScientificCalculator.entities.Main CLI Version
16/Mar/2021:17:19:54 848 [ScientificCalculator.java] [INFO] iiitb.org.ScientificCalculator.entities.ScientificCalculator Computing compute_expression function
16/Mar/2021:17:19:54 849 [Main.java] [INFO] iiitb.org.ScientificCalculator.entities.Main CLI Version
16/Mar/2021:17:19:54 850 [ScientificCalculator.java] [INFO] iiitb.org.ScientificCalculator.entities.ScientificCalculator Computing compute_expression function
16/Mar/2021:17:19:54 852 [Main.java] [INFO] iiitb.org.ScientificCalculator.entities.Main CLI Version
16/Mar/2021:17:19:54 853 [ScientificCalculator.java] [INFO] iiitb.org.ScientificCalculator.entities.ScientificCalculator Computing compute_expression function
16/Mar/2021:17:19:54 854 [Main.java] [INFO] iiitb.org.ScientificCalculator.entities.Main CLI Version
16/Mar/2021:17:19:54 855 [ScientificCalculator.java] [INFO] iiitb.org.ScientificCalculator.entities.ScientificCalculator Computing compute_expression function
16/Mar/2021:17:19:54 856 [Main.java] [INFO] iiitb.org.ScientificCalculator.entities.Main CLI Version
16/Mar/2021:17:19:54 857 [ScientificCalculator.java] [INFO] iiitb.org.ScientificCalculator.entities.ScientificCalculator Computing compute_expression function
16/Mar/2021:17:19:54 859 [Main.java] [INFO] iiitb.org.ScientificCalculator.entities.Main CLI Version
16/Mar/2021:17:19:54 860 [ScientificCalculator.java] [INFO] iiitb.org.ScientificCalculator.entities.ScientificCalculator Computing compute_expression function
16/Mar/2021:17:19:54 861 [Main.java] [INFO] iiitb.org.ScientificCalculator.entities.Main CLI Version
16/Mar/2021:17:19:54 862 [ScientificCalculator.java] [INFO] iiitb.org.ScientificCalculator.entities.ScientificCalculator Computing compute_expression function
16/Mar/2021:17:19:54 863 [Main.java] [INFO] iiitb.org.ScientificCalculator.entities.Main CLI Version
16/Mar/2021:17:19:54 864 [ScientificCalculator.java] [INFO] iiitb.org.ScientificCalculator.entities.ScientificCalculator Computing compute_expression function
16/Mar/2021:17:19:54 865 [Main.java] [INFO] iiitb.org.ScientificCalculator.entities.Main CLI Version
16/Mar/2021:17:19:54 866 [ScientificCalculator.java] [INFO] iiitb.org.ScientificCalculator.entities.ScientificCalculator Computing compute_expression function
16/Mar/2021:17:19:54 867 [Main.java] [INFO] iiitb.org.ScientificCalculator.entities.Main CLI Version
16/Mar/2021:17:19:54 868 [ScientificCalculator.java] [INFO] iiitb.org.ScientificCalculator.entities.ScientificCalculator Computing compute_expression function
16/Mar/2021:17:19:54 870 [Main.java] [INFO] iiitb.org.ScientificCalculator.entities.Main CLI Version
16/Mar/2021:17:19:54 874 [ScientificCalculator.java] [INFO] iiitb.org.ScientificCalculator.entities.ScientificCalculator Computing compute_expression function
16/Mar/2021:17:19:54 875 [Main.java] [INFO] iiitb.org.ScientificCalculator.entities.Main CLI Version
16/Mar/2021:17:19:54 876 [ScientificCalculator.java] [INFO] iiitb.org.ScientificCalculator.entities.ScientificCalculator Computing compute_expression function
16/Mar/2021:17:19:54 878 [Main.java] [INFO] iiitb.org.ScientificCalculator.entities.Main CLI Version
16/Mar/2021:17:19:54 879 [ScientificCalculator.java] [INFO] iiitb.org.ScientificCalculator.entities.ScientificCalculator Computing compute_expression function
16/Mar/2021:17:19:54 880 [Main.java] [INFO] iiitb.org.ScientificCalculator.entities.Main CLI Version
16/Mar/2021:17:19:54 881 [ScientificCalculator.java] [INFO] iiitb.org.ScientificCalculator.entities.ScientificCalculator Computing compute_expression function
16/Mar/2021:17:19:54 882 [Main.java] [INFO] iiitb.org.ScientificCalculator.entities.Main CLI Version
16/Mar/2021:17:19:54 883 [ScientificCalculator.java] [INFO] iiitb.org.ScientificCalculator.entities.ScientificCalculator Computing compute_expression function
16/Mar/2021:17:19:54 884 [Main.java] [INFO] iiitb.org.ScientificCalculator.entities.Main CLI Version
16/Mar/2021:17:19:54 885 [ScientificCalculator.java] [INFO] iiitb.org.ScientificCalculator.entities.ScientificCalculator Computing compute_expression function
16/Mar/2021:17:19:54 886 [Main.java] [INFO] iiitb.org.ScientificCalculator.entities.Main CLI Version
16/Mar/2021:17:19:54 886 [ScientificCalculator.java] [INFO] iiitb.org.ScientificCalculator.entities.ScientificCalculator Computing compute_expression function
16/Mar/2021:17:19:54 888 [Main.java] [INFO] iiitb.org.ScientificCalculator.entities.Main CLI Version
16/Mar/2021:17:19:54 888 [ScientificCalculator.java] [INFO] iiitb.org.ScientificCalculator.entities.ScientificCalculator Computing compute_expression function
16/Mar/2021:17:19:54 906 [Main.java] [INFO] iiitb.org.ScientificCalculator.entities.Main CLI Version
16/Mar/2021:17:19:54 907 [ScientificCalculator.java] [INFO] iiitb.org.ScientificCalculator.entities.ScientificCalculator Computing compute_expression function
16/Mar/2021:17:19:54 908 [Main.java] [INFO] iiitb.org.ScientificCalculator.entities.Main CLI Version
16/Mar/2021:17:19:54 909 [ScientificCalculator.java] [INFO] iiitb.org.ScientificCalculator.entities.ScientificCalculator Computing compute_expression function
16/Mar/2021:17:19:54 911 [Main.java] [INFO] iiitb.org.ScientificCalculator.entities.Main CLI Version
16/Mar/2021:17:19:54 912 [ScientificCalculator.java] [INFO] iiitb.org.ScientificCalculator.entities.ScientificCalculator Computing compute_expression function
16/Mar/2021:17:19:54 913 [Main.java] [INFO] iiitb.org.ScientificCalculator.entities.Main CLI Version
16/Mar/2021:17:19:54 914 [ScientificCalculator.java] [INFO] iiitb.org.ScientificCalculator.entities.ScientificCalculator Computing compute_expression function
16/Mar/2021:17:19:54 917 [Main.java] [INFO] iiitb.org.ScientificCalculator.entities.Main CLI Version
16/Mar/2021:17:19:54 918 [ScientificCalculator.java] [INFO] iiitb.org.ScientificCalculator.entities.ScientificCalculator Computing compute_expression function
16/Mar/2021:17:19:54 921 [Main.java] [INFO] iiitb.org.ScientificCalculator.entities.Main CLI Version
16/Mar/2021:17:19:54 922 [ScientificCalculator.java] [INFO] iiitb.org.ScientificCalculator.entities.ScientificCalculator Computing compute_expression function
16/Mar/2021:17:19:54 923 [Main.java] [INFO] iiitb.org.ScientificCalculator.entities.Main CLI Version
16/Mar/2021:17:19:54 924 [ScientificCalculator.java] [INFO] iiitb.org.ScientificCalculator.entities.ScientificCalculator Computing compute_expression function
16/Mar/2021:17:19:54 926 [Main.java] [INFO] iiitb.org.ScientificCalculator.entities.Main CLI Version
16/Mar/2021:17:19:54 926 [ScientificCalculator.java] [INFO] iiitb.org.ScientificCalculator.entities.ScientificCalculator Computing compute_expression function
17/Mar/2021:12:11:36 969 [ScientificCalculator.java] [INFO] iiitb.org.ScientificCalculator.entities.ScientificCalculator Computing squareRoot function
17/Mar/2021:12:11:37 033 [ScientificCalculator.java] [INFO] iiitb.org.ScientificCalculator.entities.ScientificCalculator Computing log_e function
17/Mar/2021:12:11:37 034 [ScientificCalculator.java] [INFO] iiitb.org.ScientificCalculator.entities.ScientificCalculator Computing log_e function
17/Mar/2021:12:11:37 037 [ScientificCalculator.java] [INFO] iiitb.org.ScientificCalculator.entities.ScientificCalculator Computing squareRoot function
17/Mar/2021:12:11:37 067 [ScientificCalculator.java] [INFO] iiitb.org.ScientificCalculator.entities.ScientificCalculator Computing factorial function
17/Mar/2021:12:11:37 067 [ScientificCalculator.java] [INFO] iiitb.org.ScientificCalculator.entities.ScientificCalculator Computing factorial function
17/Mar/2021:12:11:37 068 [ScientificCalculator.java] [INFO] iiitb.org.ScientificCalculator.entities.ScientificCalculator Computing factorial function
17/Mar/2021:12:11:37 069 [ScientificCalculator.java] [INFO] iiitb.org.ScientificCalculator.entities.ScientificCalculator Computing factorial function
17/Mar/2021:12:11:37 069 [ScientificCalculator.java] [INFO] iiitb.org.ScientificCalculator.entities.ScientificCalculator Computing factorial function
17/Mar/2021:12:11:37 069 [ScientificCalculator.java] [INFO] iiitb.org.ScientificCalculator.entities.ScientificCalculator Computing factorial function
17/Mar/2021:12:11:37 070 [ScientificCalculator.java] [INFO] iiitb.org.ScientificCalculator.entities.ScientificCalculator Computing factorial function
17/Mar/2021:12:11:37 071 [ScientificCalculator.java] [INFO] iiitb.org.ScientificCalculator.entities.ScientificCalculator Computing factorial function
17/Mar/2021:12:11:37 071 [ScientificCalculator.java] [INFO] iiitb.org.ScientificCalculator.entities.ScientificCalculator Computing factorial function
17/Mar/2021:12:11:37 072 [ScientificCalculator.java] [INFO] iiitb.org.ScientificCalculator.entities.ScientificCalculator Computing factorial function
17/Mar/2021:12:11:37 072 [ScientificCalculator.java] [INFO] iiitb.org.ScientificCalculator.entities.ScientificCalculator Computing factorial function
17/Mar/2021:12:11:37 072 [ScientificCalculator.java] [INFO] iiitb.org.ScientificCalculator.entities.ScientificCalculator Computing factorial function
17/Mar/2021:12:11:37 073 [ScientificCalculator.java] [INFO] iiitb.org.ScientificCalculator.entities.ScientificCalculator Computing factorial function
17/Mar/2021:12:11:37 073 [ScientificCalculator.java] [INFO] iiitb.org.ScientificCalculator.entities.ScientificCalculator Computing factorial function
17/Mar/2021:12:11:37 074 [ScientificCalculator.java] [INFO] iiitb.org.ScientificCalculator.entities.ScientificCalculator Computing factorial function
17/Mar/2021:12:11:37 077 [ScientificCalculator.java] [INFO] iiitb.org.ScientificCalculator.entities.ScientificCalculator Computing power function
17/Mar/2021:12:11:37 078 [ScientificCalculator.java] [INFO] iiitb.org.ScientificCalculator.entities.ScientificCalculator Computing power function
17/Mar/2021:12:11:37 079 [ScientificCalculator.java] [INFO] iiitb.org.ScientificCalculator.entities.ScientificCalculator Computing power function
17/Mar/2021:12:11:37 080 [ScientificCalculator.java] [INFO] iiitb.org.ScientificCalculator.entities.ScientificCalculator Computing power function
17/Mar/2021:12:11:37 081 [ScientificCalculator.java] [INFO] iiitb.org.ScientificCalculator.entities.ScientificCalculator Computing power function
17/Mar/2021:12:11:37 081 [ScientificCalculator.java] [INFO] iiitb.org.ScientificCalculator.entities.ScientificCalculator Computing power function
17/Mar/2021:12:11:37 082 [ScientificCalculator.java] [INFO] iiitb.org.ScientificCalculator.entities.ScientificCalculator Computing power function
17/Mar/2021:12:11:37 082 [ScientificCalculator.java] [INFO] iiitb.org.ScientificCalculator.entities.ScientificCalculator Computing power function
17/Mar/2021:12:11:37 083 [ScientificCalculator.java] [INFO] iiitb.org.ScientificCalculator.entities.ScientificCalculator Computing power function
17/Mar/2021:12:11:37 084 [ScientificCalculator.java] [INFO] iiitb.org.ScientificCalculator.entities.ScientificCalculator Computing power function
17/Mar/2021:12:11:37 085 [ScientificCalculator.java] [INFO] iiitb.org.ScientificCalculator.entities.ScientificCalculator Computing power function
17/Mar/2021:12:11:37 085 [ScientificCalculator.java] [INFO] iiitb.org.ScientificCalculator.entities.ScientificCalculator Computing power function
17/Mar/2021:12:11:37 129 [ScientificCalculator.java] [INFO] iiitb.org.ScientificCalculator.entities.ScientificCalculator Computing compute_expression function
17/Mar/2021:12:11:37 130 [ScientificCalculator.java] [INFO] iiitb.org.ScientificCalculator.entities.ScientificCalculator Computing compute_expression function
17/Mar/2021:12:11:37 131 [ScientificCalculator.java] [INFO] iiitb.org.ScientificCalculator.entities.ScientificCalculator Computing compute_expression function
17/Mar/2021:12:11:37 132 [ScientificCalculator.java] [INFO] iiitb.org.ScientificCalculator.entities.ScientificCalculator Computing compute_expression function
17/Mar/2021:12:11:37 133 [ScientificCalculator.java] [INFO] iiitb.org.ScientificCalculator.entities.ScientificCalculator Computing compute_expression function
17/Mar/2021:12:11:37 134 [ScientificCalculator.java] [INFO] iiitb.org.ScientificCalculator.entities.ScientificCalculator Computing compute_expression function
17/Mar/2021:12:11:37 136 [ScientificCalculator.java] [INFO] iiitb.org.ScientificCalculator.entities.ScientificCalculator Computing compute_expression function
17/Mar/2021:12:11:37 136 [ScientificCalculator.java] [INFO] iiitb.org.ScientificCalculator.entities.ScientificCalculator Computing compute_expression function
17/Mar/2021:12:11:37 138 [ScientificCalculator.java] [INFO] iiitb.org.ScientificCalculator.entities.ScientificCalculator Computing compute_expression function
17/Mar/2021:12:11:37 139 [ScientificCalculator.java] [INFO] iiitb.org.ScientificCalculator.entities.ScientificCalculator Computing compute_expression function
17/Mar/2021:12:11:37 141 [ScientificCalculator.java] [INFO] iiitb.org.ScientificCalculator.entities.ScientificCalculator Computing compute_expression function
17/Mar/2021:12:11:37 142 [ScientificCalculator.java] [INFO] iiitb.org.ScientificCalculator.entities.ScientificCalculator Computing compute_expression function
17/Mar/2021:12:11:37 143 [ScientificCalculator.java] [INFO] iiitb.org.ScientificCalculator.entities.ScientificCalculator Computing factorial function
17/Mar/2021:12:11:37 143 [ScientificCalculator.java] [INFO] iiitb.org.ScientificCalculator.entities.ScientificCalculator Computing factorial function
17/Mar/2021:12:11:37 144 [ScientificCalculator.java] [INFO] iiitb.org.ScientificCalculator.entities.ScientificCalculator Computing factorial function
17/Mar/2021:12:11:37 145 [ScientificCalculator.java] [INFO] iiitb.org.ScientificCalculator.entities.ScientificCalculator Computing factorial function
17/Mar/2021:12:11:37 145 [ScientificCalculator.java] [INFO] iiitb.org.ScientificCalculator.entities.ScientificCalculator Computing factorial function
17/Mar/2021:12:11:37 145 [ScientificCalculator.java] [INFO] iiitb.org.ScientificCalculator.entities.ScientificCalculator Computing factorial function
17/Mar/2021:12:11:37 146 [ScientificCalculator.java] [INFO] iiitb.org.ScientificCalculator.entities.ScientificCalculator Computing compute_expression function
17/Mar/2021:12:11:37 148 [ScientificCalculator.java] [INFO] iiitb.org.ScientificCalculator.entities.ScientificCalculator Computing compute_expression function
17/Mar/2021:12:11:37 149 [ScientificCalculator.java] [INFO] iiitb.org.ScientificCalculator.entities.ScientificCalculator Computing factorial function
17/Mar/2021:12:11:37 150 [ScientificCalculator.java] [INFO] iiitb.org.ScientificCalculator.entities.ScientificCalculator Computing factorial function
17/Mar/2021:12:11:37 151 [ScientificCalculator.java] [INFO] iiitb.org.ScientificCalculator.entities.ScientificCalculator Computing factorial function
17/Mar/2021:12:11:37 152 [ScientificCalculator.java] [INFO] iiitb.org.ScientificCalculator.entities.ScientificCalculator Computing factorial function
17/Mar/2021:12:11:37 152 [ScientificCalculator.java] [INFO] iiitb.org.ScientificCalculator.entities.ScientificCalculator Computing factorial function
17/Mar/2021:12:11:37 153 [ScientificCalculator.java] [INFO] iiitb.org.ScientificCalculator.entities.ScientificCalculator Computing factorial function
17/Mar/2021:12:11:37 154 [ScientificCalculator.java] [INFO] iiitb.org.ScientificCalculator.entities.ScientificCalculator Computing factorial function
17/Mar/2021:12:11:37 154 [ScientificCalculator.java] [INFO] iiitb.org.ScientificCalculator.entities.ScientificCalculator Computing factorial function
17/Mar/2021:12:11:37 157 [ScientificCalculator.java] [INFO] iiitb.org.ScientificCalculator.entities.ScientificCalculator Computing squareRoot function
17/Mar/2021:12:11:37 158 [ScientificCalculator.java] [INFO] iiitb.org.ScientificCalculator.entities.ScientificCalculator Computing squareRoot function
17/Mar/2021:12:11:37 159 [ScientificCalculator.java] [INFO] iiitb.org.ScientificCalculator.entities.ScientificCalculator Computing squareRoot function
17/Mar/2021:12:12:21 854 [ScientificCalculator.java] [INFO] iiitb.org.ScientificCalculator.entities.ScientificCalculator Computing squareRoot function
17/Mar/2021:12:12:21 862 [ScientificCalculator.java] [INFO] iiitb.org.ScientificCalculator.entities.ScientificCalculator Computing log_e function
17/Mar/2021:12:12:21 862 [ScientificCalculator.java] [INFO] iiitb.org.ScientificCalculator.entities.ScientificCalculator Computing log_e function
17/Mar/2021:12:12:21 864 [ScientificCalculator.java] [INFO] iiitb.org.ScientificCalculator.entities.ScientificCalculator Computing squareRoot function
17/Mar/2021:12:13:33 296 [ScientificCalculator.java] [INFO] iiitb.org.ScientificCalculator.entities.ScientificCalculator Computing log_e function
17/Mar/2021:12:13:53 541 [ScientificCalculator.java] [INFO] iiitb.org.ScientificCalculator.entities.ScientificCalculator Computing log_e function
17/Mar/2021:12:13:53 559 [ScientificCalculator.java] [INFO] iiitb.org.ScientificCalculator.entities.ScientificCalculator Computing log_e function
17/Mar/2021:12:13:53 560 [ScientificCalculator.java] [INFO] iiitb.org.ScientificCalculator.entities.ScientificCalculator Computing log_e function
17/Mar/2021:12:13:53 561 [ScientificCalculator.java] [INFO] iiitb.org.ScientificCalculator.entities.ScientificCalculator Computing log_e function
17/Mar/2021:12:13:53 613 [ScientificCalculator.java] [INFO] iiitb.org.ScientificCalculator.entities.ScientificCalculator Computing factorial function
17/Mar/2021:12:13:53 615 [ScientificCalculator.java] [INFO] iiitb.org.ScientificCalculator.entities.ScientificCalculator Computing factorial function
17/Mar/2021:12:13:53 616 [ScientificCalculator.java] [INFO] iiitb.org.ScientificCalculator.entities.ScientificCalculator Computing factorial function
17/Mar/2021:12:13:53 617 [ScientificCalculator.java] [INFO] iiitb.org.ScientificCalculator.entities.ScientificCalculator Computing factorial function
17/Mar/2021:12:13:53 618 [ScientificCalculator.java] [INFO] iiitb.org.ScientificCalculator.entities.ScientificCalculator Computing factorial function
17/Mar/2021:12:13:53 619 [ScientificCalculator.java] [INFO] iiitb.org.ScientificCalculator.entities.ScientificCalculator Computing factorial function
17/Mar/2021:12:13:53 620 [ScientificCalculator.java] [INFO] iiitb.org.ScientificCalculator.entities.ScientificCalculator Computing factorial function
17/Mar/2021:12:13:53 622 [ScientificCalculator.java] [INFO] iiitb.org.ScientificCalculator.entities.ScientificCalculator Computing factorial function
17/Mar/2021:12:13:53 623 [ScientificCalculator.java] [INFO] iiitb.org.ScientificCalculator.entities.ScientificCalculator Computing factorial function
17/Mar/2021:12:13:53 624 [ScientificCalculator.java] [INFO] iiitb.org.ScientificCalculator.entities.ScientificCalculator Computing factorial function
17/Mar/2021:12:13:53 625 [ScientificCalculator.java] [INFO] iiitb.org.ScientificCalculator.entities.ScientificCalculator Computing factorial function
17/Mar/2021:12:13:53 626 [ScientificCalculator.java] [INFO] iiitb.org.ScientificCalculator.entities.ScientificCalculator Computing factorial function
17/Mar/2021:12:13:53 628 [ScientificCalculator.java] [INFO] iiitb.org.ScientificCalculator.entities.ScientificCalculator Computing factorial function
17/Mar/2021:12:13:53 630 [ScientificCalculator.java] [INFO] iiitb.org.ScientificCalculator.entities.ScientificCalculator Computing factorial function
17/Mar/2021:12:13:53 632 [ScientificCalculator.java] [INFO] iiitb.org.ScientificCalculator.entities.ScientificCalculator Computing factorial function
17/Mar/2021:12:13:53 643 [ScientificCalculator.java] [INFO] iiitb.org.ScientificCalculator.entities.ScientificCalculator Computing power function
17/Mar/2021:12:13:53 645 [ScientificCalculator.java] [INFO] iiitb.org.ScientificCalculator.entities.ScientificCalculator Computing power function
17/Mar/2021:12:13:53 647 [ScientificCalculator.java] [INFO] iiitb.org.ScientificCalculator.entities.ScientificCalculator Computing power function
17/Mar/2021:12:13:53 648 [ScientificCalculator.java] [INFO] iiitb.org.ScientificCalculator.entities.ScientificCalculator Computing power function
17/Mar/2021:12:13:53 650 [ScientificCalculator.java] [INFO] iiitb.org.ScientificCalculator.entities.ScientificCalculator Computing power function
17/Mar/2021:12:13:53 652 [ScientificCalculator.java] [INFO] iiitb.org.ScientificCalculator.entities.ScientificCalculator Computing power function
17/Mar/2021:12:13:53 653 [ScientificCalculator.java] [INFO] iiitb.org.ScientificCalculator.entities.ScientificCalculator Computing power function
17/Mar/2021:12:13:53 655 [ScientificCalculator.java] [INFO] iiitb.org.ScientificCalculator.entities.ScientificCalculator Computing power function
17/Mar/2021:12:13:53 657 [ScientificCalculator.java] [INFO] iiitb.org.ScientificCalculator.entities.ScientificCalculator Computing power function
17/Mar/2021:12:13:53 658 [ScientificCalculator.java] [INFO] iiitb.org.ScientificCalculator.entities.ScientificCalculator Computing power function
17/Mar/2021:12:13:53 660 [ScientificCalculator.java] [INFO] iiitb.org.ScientificCalculator.entities.ScientificCalculator Computing power function
17/Mar/2021:12:13:53 661 [ScientificCalculator.java] [INFO] iiitb.org.ScientificCalculator.entities.ScientificCalculator Computing power function
17/Mar/2021:12:13:53 705 [ScientificCalculator.java] [INFO] iiitb.org.ScientificCalculator.entities.ScientificCalculator Computing compute_expression function
17/Mar/2021:12:13:53 707 [ScientificCalculator.java] [INFO] iiitb.org.ScientificCalculator.entities.ScientificCalculator Computing compute_expression function
17/Mar/2021:12:13:53 709 [ScientificCalculator.java] [INFO] iiitb.org.ScientificCalculator.entities.ScientificCalculator Computing compute_expression function
17/Mar/2021:12:13:53 711 [ScientificCalculator.java] [INFO] iiitb.org.ScientificCalculator.entities.ScientificCalculator Computing compute_expression function
17/Mar/2021:12:13:53 713 [ScientificCalculator.java] [INFO] iiitb.org.ScientificCalculator.entities.ScientificCalculator Computing compute_expression function
17/Mar/2021:12:13:53 714 [ScientificCalculator.java] [INFO] iiitb.org.ScientificCalculator.entities.ScientificCalculator Computing compute_expression function
17/Mar/2021:12:13:53 716 [ScientificCalculator.java] [INFO] iiitb.org.ScientificCalculator.entities.ScientificCalculator Computing compute_expression function
17/Mar/2021:12:13:53 718 [ScientificCalculator.java] [INFO] iiitb.org.ScientificCalculator.entities.ScientificCalculator Computing compute_expression function
17/Mar/2021:12:13:53 719 [ScientificCalculator.java] [INFO] iiitb.org.ScientificCalculator.entities.ScientificCalculator Computing compute_expression function
17/Mar/2021:12:13:53 720 [ScientificCalculator.java] [INFO] iiitb.org.ScientificCalculator.entities.ScientificCalculator Computing compute_expression function
17/Mar/2021:12:13:53 721 [ScientificCalculator.java] [INFO] iiitb.org.ScientificCalculator.entities.ScientificCalculator Computing compute_expression function
17/Mar/2021:12:13:53 722 [ScientificCalculator.java] [INFO] iiitb.org.ScientificCalculator.entities.ScientificCalculator Computing compute_expression function
17/Mar/2021:12:13:53 723 [ScientificCalculator.java] [INFO] iiitb.org.ScientificCalculator.entities.ScientificCalculator Computing factorial function
17/Mar/2021:12:13:53 724 [ScientificCalculator.java] [INFO] iiitb.org.ScientificCalculator.entities.ScientificCalculator Computing factorial function
17/Mar/2021:12:13:53 724 [ScientificCalculator.java] [INFO] iiitb.org.ScientificCalculator.entities.ScientificCalculator Computing factorial function
17/Mar/2021:12:13:53 725 [ScientificCalculator.java] [INFO] iiitb.org.ScientificCalculator.entities.ScientificCalculator Computing factorial function
17/Mar/2021:12:13:53 725 [ScientificCalculator.java] [INFO] iiitb.org.ScientificCalculator.entities.ScientificCalculator Computing factorial function
17/Mar/2021:12:13:53 725 [ScientificCalculator.java] [INFO] iiitb.org.ScientificCalculator.entities.ScientificCalculator Computing factorial function
17/Mar/2021:12:13:53 726 [ScientificCalculator.java] [INFO] iiitb.org.ScientificCalculator.entities.ScientificCalculator Computing compute_expression function
17/Mar/2021:12:13:53 727 [ScientificCalculator.java] [INFO] iiitb.org.ScientificCalculator.entities.ScientificCalculator Computing compute_expression function
17/Mar/2021:12:13:53 728 [ScientificCalculator.java] [INFO] iiitb.org.ScientificCalculator.entities.ScientificCalculator Computing factorial function
17/Mar/2021:12:13:53 729 [ScientificCalculator.java] [INFO] iiitb.org.ScientificCalculator.entities.ScientificCalculator Computing factorial function
17/Mar/2021:12:13:53 729 [ScientificCalculator.java] [INFO] iiitb.org.ScientificCalculator.entities.ScientificCalculator Computing factorial function
17/Mar/2021:12:13:53 730 [ScientificCalculator.java] [INFO] iiitb.org.ScientificCalculator.entities.ScientificCalculator Computing factorial function
17/Mar/2021:12:13:53 730 [ScientificCalculator.java] [INFO] iiitb.org.ScientificCalculator.entities.ScientificCalculator Computing factorial function
17/Mar/2021:12:13:53 731 [ScientificCalculator.java] [INFO] iiitb.org.ScientificCalculator.entities.ScientificCalculator Computing factorial function
17/Mar/2021:12:13:53 731 [ScientificCalculator.java] [INFO] iiitb.org.ScientificCalculator.entities.ScientificCalculator Computing factorial function
17/Mar/2021:12:13:53 732 [ScientificCalculator.java] [INFO] iiitb.org.ScientificCalculator.entities.ScientificCalculator Computing factorial function
17/Mar/2021:12:13:53 734 [ScientificCalculator.java] [INFO] iiitb.org.ScientificCalculator.entities.ScientificCalculator Computing squareRoot function
17/Mar/2021:12:13:53 735 [ScientificCalculator.java] [INFO] iiitb.org.ScientificCalculator.entities.ScientificCalculator Computing squareRoot function
17/Mar/2021:12:13:53 736 [ScientificCalculator.java] [INFO] iiitb.org.ScientificCalculator.entities.ScientificCalculator Computing squareRoot function
17/Mar/2021:12:15:22 267 [ScientificCalculator.java] [INFO] iiitb.org.ScientificCalculator.entities.ScientificCalculator Computing log_e function
17/Mar/2021:12:15:22 274 [ScientificCalculator.java] [INFO] iiitb.org.ScientificCalculator.entities.ScientificCalculator Computing log_e function
17/Mar/2021:12:15:22 274 [ScientificCalculator.java] [INFO] iiitb.org.ScientificCalculator.entities.ScientificCalculator Computing log_e function
17/Mar/2021:12:15:22 275 [ScientificCalculator.java] [INFO] iiitb.org.ScientificCalculator.entities.ScientificCalculator Computing log_e function
17/Mar/2021:12:15:22 286 [ScientificCalculator.java] [INFO] iiitb.org.ScientificCalculator.entities.ScientificCalculator Computing factorial function
17/Mar/2021:12:15:22 287 [ScientificCalculator.java] [INFO] iiitb.org.ScientificCalculator.entities.ScientificCalculator Computing factorial function
17/Mar/2021:12:15:22 288 [ScientificCalculator.java] [INFO] iiitb.org.ScientificCalculator.entities.ScientificCalculator Computing factorial function
17/Mar/2021:12:15:22 288 [ScientificCalculator.java] [INFO] iiitb.org.ScientificCalculator.entities.ScientificCalculator Computing factorial function
17/Mar/2021:12:15:22 289 [ScientificCalculator.java] [INFO] iiitb.org.ScientificCalculator.entities.ScientificCalculator Computing factorial function
17/Mar/2021:12:15:22 289 [ScientificCalculator.java] [INFO] iiitb.org.ScientificCalculator.entities.ScientificCalculator Computing factorial function
17/Mar/2021:12:15:22 290 [ScientificCalculator.java] [INFO] iiitb.org.ScientificCalculator.entities.ScientificCalculator Computing factorial function
17/Mar/2021:12:15:22 291 [ScientificCalculator.java] [INFO] iiitb.org.ScientificCalculator.entities.ScientificCalculator Computing factorial function
17/Mar/2021:12:15:22 292 [ScientificCalculator.java] [INFO] iiitb.org.ScientificCalculator.entities.ScientificCalculator Computing factorial function
17/Mar/2021:12:15:22 292 [ScientificCalculator.java] [INFO] iiitb.org.ScientificCalculator.entities.ScientificCalculator Computing factorial function
17/Mar/2021:12:15:22 293 [ScientificCalculator.java] [INFO] iiitb.org.ScientificCalculator.entities.ScientificCalculator Computing factorial function
17/Mar/2021:12:15:22 293 [ScientificCalculator.java] [INFO] iiitb.org.ScientificCalculator.entities.ScientificCalculator Computing factorial function
17/Mar/2021:12:15:22 294 [ScientificCalculator.java] [INFO] iiitb.org.ScientificCalculator.entities.ScientificCalculator Computing factorial function
17/Mar/2021:12:15:22 295 [ScientificCalculator.java] [INFO] iiitb.org.ScientificCalculator.entities.ScientificCalculator Computing factorial function
17/Mar/2021:12:15:22 296 [ScientificCalculator.java] [INFO] iiitb.org.ScientificCalculator.entities.ScientificCalculator Computing factorial function
17/Mar/2021:12:15:22 301 [ScientificCalculator.java] [INFO] iiitb.org.ScientificCalculator.entities.ScientificCalculator Computing power function
17/Mar/2021:12:15:22 302 [ScientificCalculator.java] [INFO] iiitb.org.ScientificCalculator.entities.ScientificCalculator Computing power function
17/Mar/2021:12:15:22 303 [ScientificCalculator.java] [INFO] iiitb.org.ScientificCalculator.entities.ScientificCalculator Computing power function
17/Mar/2021:12:15:22 304 [ScientificCalculator.java] [INFO] iiitb.org.ScientificCalculator.entities.ScientificCalculator Computing power function
17/Mar/2021:12:15:22 304 [ScientificCalculator.java] [INFO] iiitb.org.ScientificCalculator.entities.ScientificCalculator Computing power function
17/Mar/2021:12:15:22 305 [ScientificCalculator.java] [INFO] iiitb.org.ScientificCalculator.entities.ScientificCalculator Computing power function
17/Mar/2021:12:15:22 306 [ScientificCalculator.java] [INFO] iiitb.org.ScientificCalculator.entities.ScientificCalculator Computing power function
17/Mar/2021:12:15:22 307 [ScientificCalculator.java] [INFO] iiitb.org.ScientificCalculator.entities.ScientificCalculator Computing power function
17/Mar/2021:12:15:22 307 [ScientificCalculator.java] [INFO] iiitb.org.ScientificCalculator.entities.ScientificCalculator Computing power function
17/Mar/2021:12:15:22 308 [ScientificCalculator.java] [INFO] iiitb.org.ScientificCalculator.entities.ScientificCalculator Computing power function
17/Mar/2021:12:15:22 309 [ScientificCalculator.java] [INFO] iiitb.org.ScientificCalculator.entities.ScientificCalculator Computing power function
17/Mar/2021:12:15:22 310 [ScientificCalculator.java] [INFO] iiitb.org.ScientificCalculator.entities.ScientificCalculator Computing power function
17/Mar/2021:12:15:22 325 [ScientificCalculator.java] [INFO] iiitb.org.ScientificCalculator.entities.ScientificCalculator Computing compute_expression function
17/Mar/2021:12:15:22 326 [ScientificCalculator.java] [INFO] iiitb.org.ScientificCalculator.entities.ScientificCalculator Computing compute_expression function
17/Mar/2021:12:15:22 327 [ScientificCalculator.java] [INFO] iiitb.org.ScientificCalculator.entities.ScientificCalculator Computing compute_expression function
17/Mar/2021:12:15:22 328 [ScientificCalculator.java] [INFO] iiitb.org.ScientificCalculator.entities.ScientificCalculator Computing compute_expression function
17/Mar/2021:12:15:22 329 [ScientificCalculator.java] [INFO] iiitb.org.ScientificCalculator.entities.ScientificCalculator Computing compute_expression function
17/Mar/2021:12:15:22 329 [ScientificCalculator.java] [INFO] iiitb.org.ScientificCalculator.entities.ScientificCalculator Computing compute_expression function
17/Mar/2021:12:15:22 330 [ScientificCalculator.java] [INFO] iiitb.org.ScientificCalculator.entities.ScientificCalculator Computing compute_expression function
17/Mar/2021:12:15:22 331 [ScientificCalculator.java] [INFO] iiitb.org.ScientificCalculator.entities.ScientificCalculator Computing compute_expression function
17/Mar/2021:12:15:22 332 [ScientificCalculator.java] [INFO] iiitb.org.ScientificCalculator.entities.ScientificCalculator Computing compute_expression function
17/Mar/2021:12:15:22 333 [ScientificCalculator.java] [INFO] iiitb.org.ScientificCalculator.entities.ScientificCalculator Computing compute_expression function
17/Mar/2021:12:15:22 334 [ScientificCalculator.java] [INFO] iiitb.org.ScientificCalculator.entities.ScientificCalculator Computing compute_expression function
17/Mar/2021:12:15:22 335 [ScientificCalculator.java] [INFO] iiitb.org.ScientificCalculator.entities.ScientificCalculator Computing compute_expression function
17/Mar/2021:12:15:22 335 [ScientificCalculator.java] [INFO] iiitb.org.ScientificCalculator.entities.ScientificCalculator Computing factorial function
17/Mar/2021:12:15:22 336 [ScientificCalculator.java] [INFO] iiitb.org.ScientificCalculator.entities.ScientificCalculator Computing factorial function
17/Mar/2021:12:15:22 336 [ScientificCalculator.java] [INFO] iiitb.org.ScientificCalculator.entities.ScientificCalculator Computing factorial function
17/Mar/2021:12:15:22 336 [ScientificCalculator.java] [INFO] iiitb.org.ScientificCalculator.entities.ScientificCalculator Computing factorial function
17/Mar/2021:12:15:22 337 [ScientificCalculator.java] [INFO] iiitb.org.ScientificCalculator.entities.ScientificCalculator Computing factorial function
17/Mar/2021:12:15:22 337 [ScientificCalculator.java] [INFO] iiitb.org.ScientificCalculator.entities.ScientificCalculator Computing factorial function
17/Mar/2021:12:15:22 338 [ScientificCalculator.java] [INFO] iiitb.org.ScientificCalculator.entities.ScientificCalculator Computing compute_expression function
17/Mar/2021:12:15:22 339 [ScientificCalculator.java] [INFO] iiitb.org.ScientificCalculator.entities.ScientificCalculator Computing compute_expression function
17/Mar/2021:12:15:22 339 [ScientificCalculator.java] [INFO] iiitb.org.ScientificCalculator.entities.ScientificCalculator Computing factorial function
17/Mar/2021:12:15:22 339 [ScientificCalculator.java] [INFO] iiitb.org.ScientificCalculator.entities.ScientificCalculator Computing factorial function
17/Mar/2021:12:15:22 340 [ScientificCalculator.java] [INFO] iiitb.org.ScientificCalculator.entities.ScientificCalculator Computing factorial function
17/Mar/2021:12:15:22 340 [ScientificCalculator.java] [INFO] iiitb.org.ScientificCalculator.entities.ScientificCalculator Computing factorial function
17/Mar/2021:12:15:22 340 [ScientificCalculator.java] [INFO] iiitb.org.ScientificCalculator.entities.ScientificCalculator Computing factorial function
17/Mar/2021:12:15:22 341 [ScientificCalculator.java] [INFO] iiitb.org.ScientificCalculator.entities.ScientificCalculator Computing factorial function
17/Mar/2021:12:15:22 341 [ScientificCalculator.java] [INFO] iiitb.org.ScientificCalculator.entities.ScientificCalculator Computing factorial function
17/Mar/2021:12:15:22 341 [ScientificCalculator.java] [INFO] iiitb.org.ScientificCalculator.entities.ScientificCalculator Computing factorial function
17/Mar/2021:12:15:22 343 [ScientificCalculator.java] [INFO] iiitb.org.ScientificCalculator.entities.ScientificCalculator Computing squareRoot function
17/Mar/2021:12:15:22 344 [ScientificCalculator.java] [INFO] iiitb.org.ScientificCalculator.entities.ScientificCalculator Computing squareRoot function
17/Mar/2021:12:15:22 345 [ScientificCalculator.java] [INFO] iiitb.org.ScientificCalculator.entities.ScientificCalculator Computing squareRoot function
