2021-03-15 22:10:32.302 [Main.java] INFO  iiitb.org.ScientificCalculator.entities.Main - Using CLI Version
2021-03-15 22:10:36.277 [ScientificCalculator.java] INFO  iiitb.org.ScientificCalculator.entities.ScientificCalculator - Computing compute_expression function
2021-03-15 22:34:03.106 [Main.java] INFO  iiitb.org.ScientificCalculator.entities.Main - Using CLI Version
2021-03-15 22:34:03.142 [ScientificCalculator.java] INFO  iiitb.org.ScientificCalculator.entities.ScientificCalculator - Computing compute_expression function
2021-03-15 22:34:03.152 [Main.java] INFO  iiitb.org.ScientificCalculator.entities.Main - Using CLI Version
2021-03-15 22:34:03.153 [ScientificCalculator.java] INFO  iiitb.org.ScientificCalculator.entities.ScientificCalculator - Computing compute_expression function
2021-03-15 22:34:03.154 [Main.java] INFO  iiitb.org.ScientificCalculator.entities.Main - Using CLI Version
2021-03-15 22:34:03.155 [ScientificCalculator.java] INFO  iiitb.org.ScientificCalculator.entities.ScientificCalculator - Computing compute_expression function
2021-03-15 22:34:03.157 [Main.java] INFO  iiitb.org.ScientificCalculator.entities.Main - Using CLI Version
2021-03-15 22:34:03.158 [ScientificCalculator.java] INFO  iiitb.org.ScientificCalculator.entities.ScientificCalculator - Computing compute_expression function
2021-03-15 22:34:03.159 [Main.java] INFO  iiitb.org.ScientificCalculator.entities.Main - Using CLI Version
2021-03-15 22:34:03.160 [ScientificCalculator.java] INFO  iiitb.org.ScientificCalculator.entities.ScientificCalculator - Computing compute_expression function
2021-03-15 22:34:03.161 [Main.java] INFO  iiitb.org.ScientificCalculator.entities.Main - Using CLI Version
2021-03-15 22:34:03.162 [ScientificCalculator.java] INFO  iiitb.org.ScientificCalculator.entities.ScientificCalculator - Computing compute_expression function
2021-03-15 22:34:03.163 [Main.java] INFO  iiitb.org.ScientificCalculator.entities.Main - Using CLI Version
2021-03-15 22:34:03.164 [ScientificCalculator.java] INFO  iiitb.org.ScientificCalculator.entities.ScientificCalculator - Computing compute_expression function
2021-03-15 22:34:03.165 [Main.java] INFO  iiitb.org.ScientificCalculator.entities.Main - Using CLI Version
2021-03-15 22:34:03.166 [ScientificCalculator.java] INFO  iiitb.org.ScientificCalculator.entities.ScientificCalculator - Computing compute_expression function
2021-03-15 22:34:03.167 [Main.java] INFO  iiitb.org.ScientificCalculator.entities.Main - Using CLI Version
2021-03-15 22:34:03.168 [ScientificCalculator.java] INFO  iiitb.org.ScientificCalculator.entities.ScientificCalculator - Computing compute_expression function
2021-03-15 22:34:03.169 [Main.java] INFO  iiitb.org.ScientificCalculator.entities.Main - Using CLI Version
2021-03-15 22:34:03.170 [ScientificCalculator.java] INFO  iiitb.org.ScientificCalculator.entities.ScientificCalculator - Computing compute_expression function
2021-03-15 22:34:03.171 [Main.java] INFO  iiitb.org.ScientificCalculator.entities.Main - Using CLI Version
2021-03-15 22:34:03.172 [ScientificCalculator.java] INFO  iiitb.org.ScientificCalculator.entities.ScientificCalculator - Computing compute_expression function
2021-03-15 22:34:03.173 [Main.java] INFO  iiitb.org.ScientificCalculator.entities.Main - Using CLI Version
2021-03-15 22:34:03.175 [ScientificCalculator.java] INFO  iiitb.org.ScientificCalculator.entities.ScientificCalculator - Computing compute_expression function
2021-03-15 22:34:03.176 [Main.java] INFO  iiitb.org.ScientificCalculator.entities.Main - Using CLI Version
2021-03-15 22:34:03.177 [ScientificCalculator.java] INFO  iiitb.org.ScientificCalculator.entities.ScientificCalculator - Computing compute_expression function
2021-03-15 22:34:03.178 [Main.java] INFO  iiitb.org.ScientificCalculator.entities.Main - Using CLI Version
2021-03-15 22:34:03.178 [ScientificCalculator.java] INFO  iiitb.org.ScientificCalculator.entities.ScientificCalculator - Computing compute_expression function
2021-03-15 22:34:03.179 [Main.java] INFO  iiitb.org.ScientificCalculator.entities.Main - Using CLI Version
2021-03-15 22:34:03.180 [ScientificCalculator.java] INFO  iiitb.org.ScientificCalculator.entities.ScientificCalculator - Computing compute_expression function
2021-03-15 22:34:03.184 [Main.java] INFO  iiitb.org.ScientificCalculator.entities.Main - Using CLI Version
2021-03-15 22:34:03.184 [ScientificCalculator.java] INFO  iiitb.org.ScientificCalculator.entities.ScientificCalculator - Computing compute_expression function
2021-03-15 22:34:03.186 [Main.java] INFO  iiitb.org.ScientificCalculator.entities.Main - Using CLI Version
2021-03-15 22:34:03.187 [ScientificCalculator.java] INFO  iiitb.org.ScientificCalculator.entities.ScientificCalculator - Computing compute_expression function
2021-03-15 22:34:03.188 [Main.java] INFO  iiitb.org.ScientificCalculator.entities.Main - Using CLI Version
2021-03-15 22:34:03.188 [ScientificCalculator.java] INFO  iiitb.org.ScientificCalculator.entities.ScientificCalculator - Computing compute_expression function
2021-03-15 22:34:03.189 [Main.java] INFO  iiitb.org.ScientificCalculator.entities.Main - Using CLI Version
2021-03-15 22:34:03.190 [ScientificCalculator.java] INFO  iiitb.org.ScientificCalculator.entities.ScientificCalculator - Computing compute_expression function
2021-03-15 22:34:03.191 [Main.java] INFO  iiitb.org.ScientificCalculator.entities.Main - Using CLI Version
2021-03-15 22:34:03.191 [ScientificCalculator.java] INFO  iiitb.org.ScientificCalculator.entities.ScientificCalculator - Computing compute_expression function
2021-03-15 22:34:03.193 [Main.java] INFO  iiitb.org.ScientificCalculator.entities.Main - Using CLI Version
2021-03-15 22:34:03.193 [ScientificCalculator.java] INFO  iiitb.org.ScientificCalculator.entities.ScientificCalculator - Computing compute_expression function
2021-03-15 22:34:03.194 [Main.java] INFO  iiitb.org.ScientificCalculator.entities.Main - Using CLI Version
2021-03-15 22:34:03.195 [ScientificCalculator.java] INFO  iiitb.org.ScientificCalculator.entities.ScientificCalculator - Computing compute_expression function
2021-03-15 22:34:03.196 [Main.java] INFO  iiitb.org.ScientificCalculator.entities.Main - Using CLI Version
2021-03-15 22:34:03.197 [ScientificCalculator.java] INFO  iiitb.org.ScientificCalculator.entities.ScientificCalculator - Computing compute_expression function
2021-03-15 22:34:03.198 [Main.java] INFO  iiitb.org.ScientificCalculator.entities.Main - Using CLI Version
2021-03-15 22:34:03.199 [ScientificCalculator.java] INFO  iiitb.org.ScientificCalculator.entities.ScientificCalculator - Computing compute_expression function
2021-03-15 22:34:03.200 [Main.java] INFO  iiitb.org.ScientificCalculator.entities.Main - Using CLI Version
2021-03-15 22:34:03.200 [ScientificCalculator.java] INFO  iiitb.org.ScientificCalculator.entities.ScientificCalculator - Computing compute_expression function
2021-03-15 22:34:03.201 [Main.java] INFO  iiitb.org.ScientificCalculator.entities.Main - Using CLI Version
2021-03-15 22:34:03.202 [ScientificCalculator.java] INFO  iiitb.org.ScientificCalculator.entities.ScientificCalculator - Computing compute_expression function
2021-03-15 22:34:03.203 [Main.java] INFO  iiitb.org.ScientificCalculator.entities.Main - Using CLI Version
2021-03-15 22:34:03.204 [ScientificCalculator.java] INFO  iiitb.org.ScientificCalculator.entities.ScientificCalculator - Computing compute_expression function
2021-03-15 22:34:03.205 [Main.java] INFO  iiitb.org.ScientificCalculator.entities.Main - Using CLI Version
2021-03-15 22:34:03.206 [ScientificCalculator.java] INFO  iiitb.org.ScientificCalculator.entities.ScientificCalculator - Computing compute_expression function
2021-03-15 22:34:03.210 [Main.java] INFO  iiitb.org.ScientificCalculator.entities.Main - Using CLI Version
2021-03-15 22:34:03.210 [ScientificCalculator.java] INFO  iiitb.org.ScientificCalculator.entities.ScientificCalculator - Computing compute_expression function
2021-03-15 22:34:03.212 [Main.java] INFO  iiitb.org.ScientificCalculator.entities.Main - Using CLI Version
2021-03-15 22:34:03.213 [ScientificCalculator.java] INFO  iiitb.org.ScientificCalculator.entities.ScientificCalculator - Computing compute_expression function
2021-03-15 22:34:03.214 [Main.java] INFO  iiitb.org.ScientificCalculator.entities.Main - Using CLI Version
2021-03-15 22:34:03.215 [ScientificCalculator.java] INFO  iiitb.org.ScientificCalculator.entities.ScientificCalculator - Computing compute_expression function
2021-03-15 22:34:03.216 [Main.java] INFO  iiitb.org.ScientificCalculator.entities.Main - Using CLI Version
2021-03-15 22:34:03.217 [ScientificCalculator.java] INFO  iiitb.org.ScientificCalculator.entities.ScientificCalculator - Computing compute_expression function
2021-03-15 22:34:03.218 [Main.java] INFO  iiitb.org.ScientificCalculator.entities.Main - Using CLI Version
2021-03-15 22:34:03.218 [ScientificCalculator.java] INFO  iiitb.org.ScientificCalculator.entities.ScientificCalculator - Computing compute_expression function
2021-03-15 22:34:03.219 [Main.java] INFO  iiitb.org.ScientificCalculator.entities.Main - Using CLI Version
2021-03-15 22:34:03.220 [ScientificCalculator.java] INFO  iiitb.org.ScientificCalculator.entities.ScientificCalculator - Computing compute_expression function
2021-03-15 22:34:03.221 [Main.java] INFO  iiitb.org.ScientificCalculator.entities.Main - Using CLI Version
2021-03-15 22:34:03.222 [ScientificCalculator.java] INFO  iiitb.org.ScientificCalculator.entities.ScientificCalculator - Computing compute_expression function
2021-03-15 22:34:03.223 [Main.java] INFO  iiitb.org.ScientificCalculator.entities.Main - Using CLI Version
2021-03-15 22:34:03.224 [ScientificCalculator.java] INFO  iiitb.org.ScientificCalculator.entities.ScientificCalculator - Computing compute_expression function
2021-03-15 22:34:03.225 [Main.java] INFO  iiitb.org.ScientificCalculator.entities.Main - Using CLI Version
2021-03-15 22:34:03.226 [ScientificCalculator.java] INFO  iiitb.org.ScientificCalculator.entities.ScientificCalculator - Computing compute_expression function
2021-03-15 22:34:03.227 [Main.java] INFO  iiitb.org.ScientificCalculator.entities.Main - Using CLI Version
2021-03-15 22:34:03.228 [ScientificCalculator.java] INFO  iiitb.org.ScientificCalculator.entities.ScientificCalculator - Computing compute_expression function
2021-03-15 22:34:03.229 [Main.java] INFO  iiitb.org.ScientificCalculator.entities.Main - Using CLI Version
2021-03-15 22:34:03.229 [ScientificCalculator.java] INFO  iiitb.org.ScientificCalculator.entities.ScientificCalculator - Computing compute_expression function
2021-03-15 22:34:03.230 [Main.java] INFO  iiitb.org.ScientificCalculator.entities.Main - Using CLI Version
2021-03-15 22:34:03.231 [ScientificCalculator.java] INFO  iiitb.org.ScientificCalculator.entities.ScientificCalculator - Computing compute_expression function
2021-03-15 22:34:03.232 [Main.java] INFO  iiitb.org.ScientificCalculator.entities.Main - Using CLI Version
2021-03-15 22:34:03.233 [ScientificCalculator.java] INFO  iiitb.org.ScientificCalculator.entities.ScientificCalculator - Computing compute_expression function
2021-03-15 22:34:03.234 [Main.java] INFO  iiitb.org.ScientificCalculator.entities.Main - Using CLI Version
2021-03-15 22:34:03.234 [ScientificCalculator.java] INFO  iiitb.org.ScientificCalculator.entities.ScientificCalculator - Computing compute_expression function
2021-03-15 22:34:03.235 [Main.java] INFO  iiitb.org.ScientificCalculator.entities.Main - Using CLI Version
2021-03-15 22:34:03.236 [ScientificCalculator.java] INFO  iiitb.org.ScientificCalculator.entities.ScientificCalculator - Computing compute_expression function
2021-03-15 22:34:03.237 [Main.java] INFO  iiitb.org.ScientificCalculator.entities.Main - Using CLI Version
2021-03-15 22:34:03.238 [ScientificCalculator.java] INFO  iiitb.org.ScientificCalculator.entities.ScientificCalculator - Computing compute_expression function
2021-03-15 22:34:03.240 [Main.java] INFO  iiitb.org.ScientificCalculator.entities.Main - Using CLI Version
2021-03-15 22:34:03.240 [ScientificCalculator.java] INFO  iiitb.org.ScientificCalculator.entities.ScientificCalculator - Computing compute_expression function
2021-03-15 22:34:03.241 [Main.java] INFO  iiitb.org.ScientificCalculator.entities.Main - Using CLI Version
2021-03-15 22:34:03.242 [ScientificCalculator.java] INFO  iiitb.org.ScientificCalculator.entities.ScientificCalculator - Computing compute_expression function
2021-03-15 22:34:03.243 [Main.java] INFO  iiitb.org.ScientificCalculator.entities.Main - Using CLI Version
2021-03-15 22:34:03.243 [ScientificCalculator.java] INFO  iiitb.org.ScientificCalculator.entities.ScientificCalculator - Computing compute_expression function
2021-03-15 22:34:03.244 [Main.java] INFO  iiitb.org.ScientificCalculator.entities.Main - Using CLI Version
2021-03-15 22:34:03.245 [ScientificCalculator.java] INFO  iiitb.org.ScientificCalculator.entities.ScientificCalculator - Computing compute_expression function
2021-03-15 22:34:03.246 [Main.java] INFO  iiitb.org.ScientificCalculator.entities.Main - Using CLI Version
2021-03-15 22:34:03.246 [ScientificCalculator.java] INFO  iiitb.org.ScientificCalculator.entities.ScientificCalculator - Computing compute_expression function
2021-03-15 22:34:03.247 [Main.java] INFO  iiitb.org.ScientificCalculator.entities.Main - Using CLI Version
2021-03-15 22:34:03.248 [ScientificCalculator.java] INFO  iiitb.org.ScientificCalculator.entities.ScientificCalculator - Computing compute_expression function
2021-03-15 22:36:55.914 [Main.java] INFO  iiitb.org.ScientificCalculator.entities.Main - Using CLI Version
2021-03-15 22:36:55.927 [ScientificCalculator.java] INFO  iiitb.org.ScientificCalculator.entities.ScientificCalculator - Computing squareRoot function
2021-03-15 22:36:55.934 [Main.java] INFO  iiitb.org.ScientificCalculator.entities.Main - Using CLI Version
2021-03-15 22:36:55.935 [ScientificCalculator.java] INFO  iiitb.org.ScientificCalculator.entities.ScientificCalculator - Computing squareRoot function
2021-03-15 22:36:55.938 [Main.java] INFO  iiitb.org.ScientificCalculator.entities.Main - Using CLI Version
2021-03-15 22:36:55.939 [ScientificCalculator.java] INFO  iiitb.org.ScientificCalculator.entities.ScientificCalculator - Computing squareRoot function
2021-03-15 22:36:55.942 [Main.java] INFO  iiitb.org.ScientificCalculator.entities.Main - Using CLI Version
2021-03-15 22:36:55.943 [ScientificCalculator.java] INFO  iiitb.org.ScientificCalculator.entities.ScientificCalculator - Computing squareRoot function
2021-03-15 22:36:55.946 [Main.java] INFO  iiitb.org.ScientificCalculator.entities.Main - Using CLI Version
2021-03-15 22:36:55.947 [ScientificCalculator.java] INFO  iiitb.org.ScientificCalculator.entities.ScientificCalculator - Computing squareRoot function
2021-03-15 22:36:55.949 [Main.java] INFO  iiitb.org.ScientificCalculator.entities.Main - Using CLI Version
2021-03-15 22:36:55.951 [ScientificCalculator.java] INFO  iiitb.org.ScientificCalculator.entities.ScientificCalculator - Computing squareRoot function
2021-03-15 22:36:55.953 [Main.java] INFO  iiitb.org.ScientificCalculator.entities.Main - Using CLI Version
2021-03-15 22:36:55.954 [ScientificCalculator.java] INFO  iiitb.org.ScientificCalculator.entities.ScientificCalculator - Computing squareRoot function
2021-03-15 22:36:55.957 [Main.java] INFO  iiitb.org.ScientificCalculator.entities.Main - Using CLI Version
2021-03-15 22:36:55.959 [ScientificCalculator.java] INFO  iiitb.org.ScientificCalculator.entities.ScientificCalculator - Computing squareRoot function
2021-03-15 22:38:17.676 [Main.java] INFO  iiitb.org.ScientificCalculator.entities.Main - Using CLI Version
2021-03-15 22:38:17.690 [ScientificCalculator.java] INFO  iiitb.org.ScientificCalculator.entities.ScientificCalculator - Computing factorial function
2021-03-15 22:38:17.691 [ScientificCalculator.java] INFO  iiitb.org.ScientificCalculator.entities.ScientificCalculator - Computing factorial function
2021-03-15 22:38:17.692 [ScientificCalculator.java] INFO  iiitb.org.ScientificCalculator.entities.ScientificCalculator - Computing factorial function
2021-03-15 22:38:17.696 [Main.java] INFO  iiitb.org.ScientificCalculator.entities.Main - Using CLI Version
2021-03-15 22:38:17.697 [ScientificCalculator.java] INFO  iiitb.org.ScientificCalculator.entities.ScientificCalculator - Computing factorial function
2021-03-15 22:38:17.698 [ScientificCalculator.java] INFO  iiitb.org.ScientificCalculator.entities.ScientificCalculator - Computing factorial function
2021-03-15 22:38:17.698 [ScientificCalculator.java] INFO  iiitb.org.ScientificCalculator.entities.ScientificCalculator - Computing factorial function
2021-03-15 22:38:17.700 [Main.java] INFO  iiitb.org.ScientificCalculator.entities.Main - Using CLI Version
2021-03-15 22:38:17.701 [ScientificCalculator.java] INFO  iiitb.org.ScientificCalculator.entities.ScientificCalculator - Computing factorial function
2021-03-15 22:38:17.702 [ScientificCalculator.java] INFO  iiitb.org.ScientificCalculator.entities.ScientificCalculator - Computing factorial function
2021-03-15 22:38:17.702 [ScientificCalculator.java] INFO  iiitb.org.ScientificCalculator.entities.ScientificCalculator - Computing factorial function
2021-03-15 22:38:17.705 [Main.java] INFO  iiitb.org.ScientificCalculator.entities.Main - Using CLI Version
2021-03-15 22:38:17.706 [ScientificCalculator.java] INFO  iiitb.org.ScientificCalculator.entities.ScientificCalculator - Computing factorial function
2021-03-15 22:38:17.706 [ScientificCalculator.java] INFO  iiitb.org.ScientificCalculator.entities.ScientificCalculator - Computing factorial function
2021-03-15 22:38:17.707 [ScientificCalculator.java] INFO  iiitb.org.ScientificCalculator.entities.ScientificCalculator - Computing factorial function
2021-03-15 22:41:21.812 [Main.java] INFO  iiitb.org.ScientificCalculator.entities.Main - Using CLI Version
2021-03-15 22:41:21.824 [ScientificCalculator.java] INFO  iiitb.org.ScientificCalculator.entities.ScientificCalculator - Computing log_e function
2021-03-15 22:41:21.827 [Main.java] INFO  iiitb.org.ScientificCalculator.entities.Main - Using CLI Version
2021-03-15 22:41:21.828 [ScientificCalculator.java] INFO  iiitb.org.ScientificCalculator.entities.ScientificCalculator - Computing log_e function
2021-03-15 22:41:21.830 [Main.java] INFO  iiitb.org.ScientificCalculator.entities.Main - Using CLI Version
2021-03-15 22:41:21.831 [ScientificCalculator.java] INFO  iiitb.org.ScientificCalculator.entities.ScientificCalculator - Computing log_e function
2021-03-15 22:41:21.832 [Main.java] INFO  iiitb.org.ScientificCalculator.entities.Main - Using CLI Version
2021-03-15 22:41:21.833 [ScientificCalculator.java] INFO  iiitb.org.ScientificCalculator.entities.ScientificCalculator - Computing log_e function
2021-03-15 22:41:21.835 [Main.java] INFO  iiitb.org.ScientificCalculator.entities.Main - Using CLI Version
2021-03-15 22:41:21.835 [ScientificCalculator.java] INFO  iiitb.org.ScientificCalculator.entities.ScientificCalculator - Computing log_e function
2021-03-15 22:42:28.169 [Main.java] INFO  iiitb.org.ScientificCalculator.entities.Main - Using CLI Version
2021-03-15 22:42:28.185 [ScientificCalculator.java] INFO  iiitb.org.ScientificCalculator.entities.ScientificCalculator - Computing power function
2021-03-15 22:42:28.192 [Main.java] INFO  iiitb.org.ScientificCalculator.entities.Main - Using CLI Version
2021-03-15 22:42:28.193 [ScientificCalculator.java] INFO  iiitb.org.ScientificCalculator.entities.ScientificCalculator - Computing power function
2021-03-15 22:42:28.194 [Main.java] INFO  iiitb.org.ScientificCalculator.entities.Main - Using CLI Version
2021-03-15 22:42:28.196 [ScientificCalculator.java] INFO  iiitb.org.ScientificCalculator.entities.ScientificCalculator - Computing power function
2021-03-15 22:43:54.149 [Main.java] INFO  iiitb.org.ScientificCalculator.entities.Main - Using Web App
2021-03-15 22:43:54.163 [ScientificCalculator.java] INFO  iiitb.org.ScientificCalculator.entities.ScientificCalculator - Computing compute_expression function
2021-03-15 22:43:54.181 [Main.java] INFO  iiitb.org.ScientificCalculator.entities.Main - Using Web App
2021-03-15 22:43:54.184 [ScientificCalculator.java] INFO  iiitb.org.ScientificCalculator.entities.ScientificCalculator - Computing compute_expression function
2021-03-15 22:43:54.186 [Main.java] INFO  iiitb.org.ScientificCalculator.entities.Main - Using Web App
2021-03-15 22:43:54.187 [ScientificCalculator.java] INFO  iiitb.org.ScientificCalculator.entities.ScientificCalculator - Computing compute_expression function
2021-03-15 22:43:54.188 [Main.java] INFO  iiitb.org.ScientificCalculator.entities.Main - Using Web App
2021-03-15 22:43:54.189 [ScientificCalculator.java] INFO  iiitb.org.ScientificCalculator.entities.ScientificCalculator - Computing compute_expression function
2021-03-15 22:43:54.190 [Main.java] INFO  iiitb.org.ScientificCalculator.entities.Main - Using Web App
2021-03-15 22:43:54.191 [ScientificCalculator.java] INFO  iiitb.org.ScientificCalculator.entities.ScientificCalculator - Computing compute_expression function
2021-03-15 22:43:54.192 [Main.java] INFO  iiitb.org.ScientificCalculator.entities.Main - Using Web App
2021-03-15 22:43:54.193 [ScientificCalculator.java] INFO  iiitb.org.ScientificCalculator.entities.ScientificCalculator - Computing compute_expression function
2021-03-15 22:43:54.195 [Main.java] INFO  iiitb.org.ScientificCalculator.entities.Main - Using Web App
2021-03-15 22:43:54.195 [ScientificCalculator.java] INFO  iiitb.org.ScientificCalculator.entities.ScientificCalculator - Computing compute_expression function
2021-03-15 22:43:54.196 [Main.java] INFO  iiitb.org.ScientificCalculator.entities.Main - Using Web App
2021-03-15 22:43:54.197 [ScientificCalculator.java] INFO  iiitb.org.ScientificCalculator.entities.ScientificCalculator - Computing compute_expression function
2021-03-15 22:43:54.199 [Main.java] INFO  iiitb.org.ScientificCalculator.entities.Main - Using Web App
2021-03-15 22:43:54.200 [ScientificCalculator.java] INFO  iiitb.org.ScientificCalculator.entities.ScientificCalculator - Computing compute_expression function
2021-03-15 22:43:54.201 [Main.java] INFO  iiitb.org.ScientificCalculator.entities.Main - Using Web App
2021-03-15 22:43:54.201 [ScientificCalculator.java] INFO  iiitb.org.ScientificCalculator.entities.ScientificCalculator - Computing compute_expression function
2021-03-15 22:43:54.202 [Main.java] INFO  iiitb.org.ScientificCalculator.entities.Main - Using Web App
2021-03-15 22:43:54.203 [ScientificCalculator.java] INFO  iiitb.org.ScientificCalculator.entities.ScientificCalculator - Computing compute_expression function
2021-03-15 22:43:54.204 [Main.java] INFO  iiitb.org.ScientificCalculator.entities.Main - Using Web App
2021-03-15 22:43:54.205 [ScientificCalculator.java] INFO  iiitb.org.ScientificCalculator.entities.ScientificCalculator - Computing compute_expression function
2021-03-15 22:43:54.206 [Main.java] INFO  iiitb.org.ScientificCalculator.entities.Main - Using Web App
2021-03-15 22:43:54.207 [ScientificCalculator.java] INFO  iiitb.org.ScientificCalculator.entities.ScientificCalculator - Computing compute_expression function
2021-03-15 22:43:54.208 [Main.java] INFO  iiitb.org.ScientificCalculator.entities.Main - Using Web App
2021-03-15 22:43:54.209 [ScientificCalculator.java] INFO  iiitb.org.ScientificCalculator.entities.ScientificCalculator - Computing compute_expression function
2021-03-15 22:43:54.210 [Main.java] INFO  iiitb.org.ScientificCalculator.entities.Main - Using Web App
2021-03-15 22:43:54.211 [ScientificCalculator.java] INFO  iiitb.org.ScientificCalculator.entities.ScientificCalculator - Computing compute_expression function
2021-03-15 22:43:54.213 [Main.java] INFO  iiitb.org.ScientificCalculator.entities.Main - Using Web App
2021-03-15 22:43:54.213 [ScientificCalculator.java] INFO  iiitb.org.ScientificCalculator.entities.ScientificCalculator - Computing compute_expression function
2021-03-15 22:43:54.214 [Main.java] INFO  iiitb.org.ScientificCalculator.entities.Main - Using Web App
2021-03-15 22:43:54.215 [ScientificCalculator.java] INFO  iiitb.org.ScientificCalculator.entities.ScientificCalculator - Computing compute_expression function
2021-03-15 22:43:54.215 [Main.java] INFO  iiitb.org.ScientificCalculator.entities.Main - Using Web App
2021-03-15 22:43:54.216 [ScientificCalculator.java] INFO  iiitb.org.ScientificCalculator.entities.ScientificCalculator - Computing compute_expression function
2021-03-15 22:43:54.216 [Main.java] INFO  iiitb.org.ScientificCalculator.entities.Main - Using Web App
2021-03-15 22:43:54.217 [ScientificCalculator.java] INFO  iiitb.org.ScientificCalculator.entities.ScientificCalculator - Computing compute_expression function
2021-03-15 22:43:54.217 [Main.java] INFO  iiitb.org.ScientificCalculator.entities.Main - Using Web App
2021-03-15 22:43:54.218 [ScientificCalculator.java] INFO  iiitb.org.ScientificCalculator.entities.ScientificCalculator - Computing compute_expression function
2021-03-15 22:43:54.219 [Main.java] INFO  iiitb.org.ScientificCalculator.entities.Main - Using Web App
2021-03-15 22:43:54.219 [ScientificCalculator.java] INFO  iiitb.org.ScientificCalculator.entities.ScientificCalculator - Computing compute_expression function
2021-03-15 22:43:54.220 [Main.java] INFO  iiitb.org.ScientificCalculator.entities.Main - Using Web App
2021-03-15 22:43:54.221 [ScientificCalculator.java] INFO  iiitb.org.ScientificCalculator.entities.ScientificCalculator - Computing compute_expression function
2021-03-15 22:43:54.222 [Main.java] INFO  iiitb.org.ScientificCalculator.entities.Main - Using Web App
2021-03-15 22:43:54.222 [ScientificCalculator.java] INFO  iiitb.org.ScientificCalculator.entities.ScientificCalculator - Computing compute_expression function
2021-03-15 22:43:54.223 [Main.java] INFO  iiitb.org.ScientificCalculator.entities.Main - Using Web App
2021-03-15 22:43:54.224 [ScientificCalculator.java] INFO  iiitb.org.ScientificCalculator.entities.ScientificCalculator - Computing compute_expression function
2021-03-15 22:43:54.224 [Main.java] INFO  iiitb.org.ScientificCalculator.entities.Main - Using Web App
2021-03-15 22:43:54.225 [ScientificCalculator.java] INFO  iiitb.org.ScientificCalculator.entities.ScientificCalculator - Computing compute_expression function
2021-03-15 22:43:54.225 [Main.java] INFO  iiitb.org.ScientificCalculator.entities.Main - Using Web App
2021-03-15 22:43:54.225 [ScientificCalculator.java] INFO  iiitb.org.ScientificCalculator.entities.ScientificCalculator - Computing compute_expression function
2021-03-15 22:43:54.226 [Main.java] INFO  iiitb.org.ScientificCalculator.entities.Main - Using Web App
2021-03-15 22:43:54.227 [ScientificCalculator.java] INFO  iiitb.org.ScientificCalculator.entities.ScientificCalculator - Computing compute_expression function
2021-03-15 22:43:54.228 [Main.java] INFO  iiitb.org.ScientificCalculator.entities.Main - Using Web App
2021-03-15 22:43:54.228 [ScientificCalculator.java] INFO  iiitb.org.ScientificCalculator.entities.ScientificCalculator - Computing compute_expression function
2021-03-15 22:43:54.229 [Main.java] INFO  iiitb.org.ScientificCalculator.entities.Main - Using Web App
2021-03-15 22:43:54.229 [ScientificCalculator.java] INFO  iiitb.org.ScientificCalculator.entities.ScientificCalculator - Computing compute_expression function
2021-03-15 22:43:54.232 [Main.java] INFO  iiitb.org.ScientificCalculator.entities.Main - Using Web App
2021-03-15 22:43:54.233 [ScientificCalculator.java] INFO  iiitb.org.ScientificCalculator.entities.ScientificCalculator - Computing compute_expression function
2021-03-15 22:43:54.233 [Main.java] INFO  iiitb.org.ScientificCalculator.entities.Main - Using Web App
2021-03-15 22:43:54.233 [ScientificCalculator.java] INFO  iiitb.org.ScientificCalculator.entities.ScientificCalculator - Computing compute_expression function
2021-03-15 22:43:54.234 [Main.java] INFO  iiitb.org.ScientificCalculator.entities.Main - Using Web App
2021-03-15 22:43:54.235 [ScientificCalculator.java] INFO  iiitb.org.ScientificCalculator.entities.ScientificCalculator - Computing compute_expression function
2021-03-15 22:43:54.235 [Main.java] INFO  iiitb.org.ScientificCalculator.entities.Main - Using Web App
2021-03-15 22:43:54.236 [ScientificCalculator.java] INFO  iiitb.org.ScientificCalculator.entities.ScientificCalculator - Computing compute_expression function
2021-03-15 22:43:54.236 [Main.java] INFO  iiitb.org.ScientificCalculator.entities.Main - Using Web App
2021-03-15 22:43:54.237 [ScientificCalculator.java] INFO  iiitb.org.ScientificCalculator.entities.ScientificCalculator - Computing compute_expression function
2021-03-15 22:43:54.237 [Main.java] INFO  iiitb.org.ScientificCalculator.entities.Main - Using Web App
2021-03-15 22:43:54.238 [ScientificCalculator.java] INFO  iiitb.org.ScientificCalculator.entities.ScientificCalculator - Computing compute_expression function
2021-03-15 22:43:54.239 [Main.java] INFO  iiitb.org.ScientificCalculator.entities.Main - Using Web App
2021-03-15 22:43:54.239 [ScientificCalculator.java] INFO  iiitb.org.ScientificCalculator.entities.ScientificCalculator - Computing compute_expression function
2021-03-15 22:43:54.240 [Main.java] INFO  iiitb.org.ScientificCalculator.entities.Main - Using Web App
2021-03-15 22:43:54.241 [ScientificCalculator.java] INFO  iiitb.org.ScientificCalculator.entities.ScientificCalculator - Computing compute_expression function
2021-03-15 22:43:54.241 [Main.java] INFO  iiitb.org.ScientificCalculator.entities.Main - Using Web App
2021-03-15 22:43:54.242 [ScientificCalculator.java] INFO  iiitb.org.ScientificCalculator.entities.ScientificCalculator - Computing compute_expression function
2021-03-15 22:43:54.243 [Main.java] INFO  iiitb.org.ScientificCalculator.entities.Main - Using Web App
2021-03-15 22:43:54.243 [ScientificCalculator.java] INFO  iiitb.org.ScientificCalculator.entities.ScientificCalculator - Computing compute_expression function
2021-03-15 22:43:54.243 [Main.java] INFO  iiitb.org.ScientificCalculator.entities.Main - Using Web App
2021-03-15 22:43:54.244 [ScientificCalculator.java] INFO  iiitb.org.ScientificCalculator.entities.ScientificCalculator - Computing compute_expression function
2021-03-15 22:43:54.244 [Main.java] INFO  iiitb.org.ScientificCalculator.entities.Main - Using Web App
2021-03-15 22:43:54.245 [ScientificCalculator.java] INFO  iiitb.org.ScientificCalculator.entities.ScientificCalculator - Computing compute_expression function
2021-03-15 22:43:54.245 [Main.java] INFO  iiitb.org.ScientificCalculator.entities.Main - Using Web App
2021-03-15 22:43:54.246 [ScientificCalculator.java] INFO  iiitb.org.ScientificCalculator.entities.ScientificCalculator - Computing compute_expression function
2021-03-15 22:43:54.247 [Main.java] INFO  iiitb.org.ScientificCalculator.entities.Main - Using Web App
2021-03-15 22:43:54.247 [ScientificCalculator.java] INFO  iiitb.org.ScientificCalculator.entities.ScientificCalculator - Computing compute_expression function
2021-03-15 22:43:54.248 [Main.java] INFO  iiitb.org.ScientificCalculator.entities.Main - Using Web App
2021-03-15 22:43:54.249 [ScientificCalculator.java] INFO  iiitb.org.ScientificCalculator.entities.ScientificCalculator - Computing compute_expression function
2021-03-15 22:43:54.250 [Main.java] INFO  iiitb.org.ScientificCalculator.entities.Main - Using Web App
2021-03-15 22:43:54.250 [ScientificCalculator.java] INFO  iiitb.org.ScientificCalculator.entities.ScientificCalculator - Computing compute_expression function
2021-03-15 22:43:54.251 [Main.java] INFO  iiitb.org.ScientificCalculator.entities.Main - Using Web App
2021-03-15 22:43:54.252 [ScientificCalculator.java] INFO  iiitb.org.ScientificCalculator.entities.ScientificCalculator - Computing compute_expression function
2021-03-15 22:43:54.253 [Main.java] INFO  iiitb.org.ScientificCalculator.entities.Main - Using Web App
2021-03-15 22:43:54.254 [ScientificCalculator.java] INFO  iiitb.org.ScientificCalculator.entities.ScientificCalculator - Computing compute_expression function
2021-03-15 22:43:54.255 [Main.java] INFO  iiitb.org.ScientificCalculator.entities.Main - Using Web App
2021-03-15 22:43:54.255 [ScientificCalculator.java] INFO  iiitb.org.ScientificCalculator.entities.ScientificCalculator - Computing compute_expression function
2021-03-15 22:43:54.256 [Main.java] INFO  iiitb.org.ScientificCalculator.entities.Main - Using Web App
2021-03-15 22:43:54.257 [ScientificCalculator.java] INFO  iiitb.org.ScientificCalculator.entities.ScientificCalculator - Computing compute_expression function
2021-03-15 22:43:54.258 [Main.java] INFO  iiitb.org.ScientificCalculator.entities.Main - Using Web App
2021-03-15 22:43:54.258 [ScientificCalculator.java] INFO  iiitb.org.ScientificCalculator.entities.ScientificCalculator - Computing compute_expression function
2021-03-15 22:43:54.259 [Main.java] INFO  iiitb.org.ScientificCalculator.entities.Main - Using Web App
2021-03-15 22:43:54.260 [ScientificCalculator.java] INFO  iiitb.org.ScientificCalculator.entities.ScientificCalculator - Computing compute_expression function
2021-03-15 22:43:54.261 [Main.java] INFO  iiitb.org.ScientificCalculator.entities.Main - Using Web App
2021-03-15 22:43:54.262 [ScientificCalculator.java] INFO  iiitb.org.ScientificCalculator.entities.ScientificCalculator - Computing compute_expression function
2021-03-15 22:43:54.263 [Main.java] INFO  iiitb.org.ScientificCalculator.entities.Main - Using Web App
2021-03-15 22:43:54.264 [ScientificCalculator.java] INFO  iiitb.org.ScientificCalculator.entities.ScientificCalculator - Computing compute_expression function
2021-03-15 22:43:54.264 [Main.java] INFO  iiitb.org.ScientificCalculator.entities.Main - Using Web App
2021-03-15 22:43:54.265 [ScientificCalculator.java] INFO  iiitb.org.ScientificCalculator.entities.ScientificCalculator - Computing compute_expression function
2021-03-15 22:43:54.267 [Main.java] INFO  iiitb.org.ScientificCalculator.entities.Main - Using Web App
2021-03-15 22:43:54.268 [ScientificCalculator.java] INFO  iiitb.org.ScientificCalculator.entities.ScientificCalculator - Computing compute_expression function
2021-03-15 22:43:54.268 [Main.java] INFO  iiitb.org.ScientificCalculator.entities.Main - Using Web App
2021-03-15 22:43:54.268 [ScientificCalculator.java] INFO  iiitb.org.ScientificCalculator.entities.ScientificCalculator - Computing compute_expression function
2021-03-15 22:43:54.269 [Main.java] INFO  iiitb.org.ScientificCalculator.entities.Main - Using Web App
2021-03-15 22:43:54.269 [ScientificCalculator.java] INFO  iiitb.org.ScientificCalculator.entities.ScientificCalculator - Computing compute_expression function
2021-03-15 22:43:54.270 [Main.java] INFO  iiitb.org.ScientificCalculator.entities.Main - Using Web App
2021-03-15 22:43:54.271 [ScientificCalculator.java] INFO  iiitb.org.ScientificCalculator.entities.ScientificCalculator - Computing compute_expression function
2021-03-15 22:43:54.271 [Main.java] INFO  iiitb.org.ScientificCalculator.entities.Main - Using Web App
2021-03-15 22:43:54.272 [ScientificCalculator.java] INFO  iiitb.org.ScientificCalculator.entities.ScientificCalculator - Computing compute_expression function
2021-03-15 22:43:54.273 [Main.java] INFO  iiitb.org.ScientificCalculator.entities.Main - Using Web App
2021-03-15 22:43:54.273 [ScientificCalculator.java] INFO  iiitb.org.ScientificCalculator.entities.ScientificCalculator - Computing compute_expression function
2021-03-15 22:43:54.274 [Main.java] INFO  iiitb.org.ScientificCalculator.entities.Main - Using Web App
2021-03-15 22:43:54.274 [ScientificCalculator.java] INFO  iiitb.org.ScientificCalculator.entities.ScientificCalculator - Computing compute_expression function
2021-03-15 22:43:54.275 [Main.java] INFO  iiitb.org.ScientificCalculator.entities.Main - Using Web App
2021-03-15 22:43:54.275 [ScientificCalculator.java] INFO  iiitb.org.ScientificCalculator.entities.ScientificCalculator - Computing compute_expression function
2021-03-15 22:43:54.276 [Main.java] INFO  iiitb.org.ScientificCalculator.entities.Main - Using Web App
2021-03-15 22:43:54.277 [ScientificCalculator.java] INFO  iiitb.org.ScientificCalculator.entities.ScientificCalculator - Computing compute_expression function
2021-03-15 22:43:54.277 [Main.java] INFO  iiitb.org.ScientificCalculator.entities.Main - Using Web App
2021-03-15 22:43:54.281 [ScientificCalculator.java] INFO  iiitb.org.ScientificCalculator.entities.ScientificCalculator - Computing compute_expression function
2021-03-15 22:43:54.283 [Main.java] INFO  iiitb.org.ScientificCalculator.entities.Main - Using Web App
2021-03-15 22:43:54.283 [ScientificCalculator.java] INFO  iiitb.org.ScientificCalculator.entities.ScientificCalculator - Computing compute_expression function
2021-03-15 22:43:54.284 [Main.java] INFO  iiitb.org.ScientificCalculator.entities.Main - Using Web App
2021-03-15 22:43:54.284 [ScientificCalculator.java] INFO  iiitb.org.ScientificCalculator.entities.ScientificCalculator - Computing compute_expression function
2021-03-15 22:43:54.285 [Main.java] INFO  iiitb.org.ScientificCalculator.entities.Main - Using Web App
2021-03-15 22:43:54.286 [ScientificCalculator.java] INFO  iiitb.org.ScientificCalculator.entities.ScientificCalculator - Computing compute_expression function
2021-03-15 22:43:54.287 [Main.java] INFO  iiitb.org.ScientificCalculator.entities.Main - Using Web App
2021-03-15 22:43:54.287 [ScientificCalculator.java] INFO  iiitb.org.ScientificCalculator.entities.ScientificCalculator - Computing compute_expression function
2021-03-15 22:43:54.288 [Main.java] INFO  iiitb.org.ScientificCalculator.entities.Main - Using Web App
2021-03-15 22:43:54.289 [ScientificCalculator.java] INFO  iiitb.org.ScientificCalculator.entities.ScientificCalculator - Computing compute_expression function
2021-03-15 22:43:54.290 [Main.java] INFO  iiitb.org.ScientificCalculator.entities.Main - Using Web App
2021-03-15 22:43:54.291 [ScientificCalculator.java] INFO  iiitb.org.ScientificCalculator.entities.ScientificCalculator - Computing compute_expression function
2021-03-15 22:43:54.292 [Main.java] INFO  iiitb.org.ScientificCalculator.entities.Main - Using Web App
2021-03-15 22:43:54.292 [ScientificCalculator.java] INFO  iiitb.org.ScientificCalculator.entities.ScientificCalculator - Computing compute_expression function
2021-03-15 22:43:54.293 [Main.java] INFO  iiitb.org.ScientificCalculator.entities.Main - Using Web App
2021-03-15 22:43:54.294 [ScientificCalculator.java] INFO  iiitb.org.ScientificCalculator.entities.ScientificCalculator - Computing compute_expression function
2021-03-15 22:43:54.296 [Main.java] INFO  iiitb.org.ScientificCalculator.entities.Main - Using Web App
2021-03-15 22:43:54.297 [ScientificCalculator.java] INFO  iiitb.org.ScientificCalculator.entities.ScientificCalculator - Computing compute_expression function
2021-03-15 22:43:54.299 [Main.java] INFO  iiitb.org.ScientificCalculator.entities.Main - Using Web App
2021-03-15 22:43:54.300 [ScientificCalculator.java] INFO  iiitb.org.ScientificCalculator.entities.ScientificCalculator - Computing compute_expression function
2021-03-15 22:43:54.301 [Main.java] INFO  iiitb.org.ScientificCalculator.entities.Main - Using Web App
2021-03-15 22:43:54.302 [ScientificCalculator.java] INFO  iiitb.org.ScientificCalculator.entities.ScientificCalculator - Computing compute_expression function
2021-03-15 22:43:54.303 [Main.java] INFO  iiitb.org.ScientificCalculator.entities.Main - Using Web App
2021-03-15 22:43:54.305 [ScientificCalculator.java] INFO  iiitb.org.ScientificCalculator.entities.ScientificCalculator - Computing compute_expression function
2021-03-15 22:43:54.306 [Main.java] INFO  iiitb.org.ScientificCalculator.entities.Main - Using Web App
2021-03-15 22:43:54.307 [ScientificCalculator.java] INFO  iiitb.org.ScientificCalculator.entities.ScientificCalculator - Computing compute_expression function
2021-03-15 22:43:54.309 [Main.java] INFO  iiitb.org.ScientificCalculator.entities.Main - Using Web App
2021-03-15 22:43:54.310 [ScientificCalculator.java] INFO  iiitb.org.ScientificCalculator.entities.ScientificCalculator - Computing compute_expression function
2021-03-15 22:43:54.311 [Main.java] INFO  iiitb.org.ScientificCalculator.entities.Main - Using Web App
2021-03-15 22:43:54.312 [ScientificCalculator.java] INFO  iiitb.org.ScientificCalculator.entities.ScientificCalculator - Computing compute_expression function
2021-03-15 22:43:54.313 [Main.java] INFO  iiitb.org.ScientificCalculator.entities.Main - Using Web App
2021-03-15 22:43:54.314 [ScientificCalculator.java] INFO  iiitb.org.ScientificCalculator.entities.ScientificCalculator - Computing compute_expression function
2021-03-15 22:43:54.315 [Main.java] INFO  iiitb.org.ScientificCalculator.entities.Main - Using Web App
2021-03-15 22:43:54.316 [ScientificCalculator.java] INFO  iiitb.org.ScientificCalculator.entities.ScientificCalculator - Computing compute_expression function
2021-03-15 22:43:54.317 [Main.java] INFO  iiitb.org.ScientificCalculator.entities.Main - Using Web App
2021-03-15 22:43:54.317 [ScientificCalculator.java] INFO  iiitb.org.ScientificCalculator.entities.ScientificCalculator - Computing compute_expression function
2021-03-15 22:43:54.318 [Main.java] INFO  iiitb.org.ScientificCalculator.entities.Main - Using Web App
2021-03-15 22:43:54.319 [ScientificCalculator.java] INFO  iiitb.org.ScientificCalculator.entities.ScientificCalculator - Computing compute_expression function
2021-03-15 22:43:54.320 [Main.java] INFO  iiitb.org.ScientificCalculator.entities.Main - Using Web App
2021-03-15 22:43:54.321 [ScientificCalculator.java] INFO  iiitb.org.ScientificCalculator.entities.ScientificCalculator - Computing compute_expression function
2021-03-15 22:43:54.322 [Main.java] INFO  iiitb.org.ScientificCalculator.entities.Main - Using Web App
2021-03-15 22:43:54.322 [ScientificCalculator.java] INFO  iiitb.org.ScientificCalculator.entities.ScientificCalculator - Computing compute_expression function
2021-03-15 22:43:54.323 [Main.java] INFO  iiitb.org.ScientificCalculator.entities.Main - Using Web App
2021-03-15 22:43:54.324 [ScientificCalculator.java] INFO  iiitb.org.ScientificCalculator.entities.ScientificCalculator - Computing compute_expression function
2021-03-15 22:43:54.324 [Main.java] INFO  iiitb.org.ScientificCalculator.entities.Main - Using Web App
2021-03-15 22:43:54.325 [ScientificCalculator.java] INFO  iiitb.org.ScientificCalculator.entities.ScientificCalculator - Computing compute_expression function
2021-03-15 22:43:54.325 [Main.java] INFO  iiitb.org.ScientificCalculator.entities.Main - Using Web App
2021-03-15 22:43:54.326 [ScientificCalculator.java] INFO  iiitb.org.ScientificCalculator.entities.ScientificCalculator - Computing compute_expression function
2021-03-15 22:43:54.328 [Main.java] INFO  iiitb.org.ScientificCalculator.entities.Main - Using Web App
2021-03-15 22:43:54.328 [ScientificCalculator.java] INFO  iiitb.org.ScientificCalculator.entities.ScientificCalculator - Computing compute_expression function
2021-03-15 22:43:54.329 [Main.java] INFO  iiitb.org.ScientificCalculator.entities.Main - Using Web App
2021-03-15 22:43:54.330 [ScientificCalculator.java] INFO  iiitb.org.ScientificCalculator.entities.ScientificCalculator - Computing compute_expression function
2021-03-15 22:43:54.330 [Main.java] INFO  iiitb.org.ScientificCalculator.entities.Main - Using Web App
2021-03-15 22:43:54.331 [ScientificCalculator.java] INFO  iiitb.org.ScientificCalculator.entities.ScientificCalculator - Computing compute_expression function
2021-03-15 22:43:54.332 [Main.java] INFO  iiitb.org.ScientificCalculator.entities.Main - Using Web App
2021-03-15 22:43:54.333 [ScientificCalculator.java] INFO  iiitb.org.ScientificCalculator.entities.ScientificCalculator - Computing compute_expression function
2021-03-15 22:43:54.334 [Main.java] INFO  iiitb.org.ScientificCalculator.entities.Main - Using Web App
2021-03-15 22:43:54.334 [ScientificCalculator.java] INFO  iiitb.org.ScientificCalculator.entities.ScientificCalculator - Computing compute_expression function
2021-03-15 22:43:54.335 [Main.java] INFO  iiitb.org.ScientificCalculator.entities.Main - Using Web App
2021-03-15 22:43:54.336 [ScientificCalculator.java] INFO  iiitb.org.ScientificCalculator.entities.ScientificCalculator - Computing compute_expression function
2021-03-15 22:43:54.337 [Main.java] INFO  iiitb.org.ScientificCalculator.entities.Main - Using Web App
2021-03-15 22:43:54.337 [ScientificCalculator.java] INFO  iiitb.org.ScientificCalculator.entities.ScientificCalculator - Computing compute_expression function
2021-03-15 22:43:54.338 [Main.java] INFO  iiitb.org.ScientificCalculator.entities.Main - Using Web App
2021-03-15 22:43:54.339 [ScientificCalculator.java] INFO  iiitb.org.ScientificCalculator.entities.ScientificCalculator - Computing compute_expression function
2021-03-15 22:43:54.340 [Main.java] INFO  iiitb.org.ScientificCalculator.entities.Main - Using Web App
2021-03-15 22:43:54.340 [ScientificCalculator.java] INFO  iiitb.org.ScientificCalculator.entities.ScientificCalculator - Computing compute_expression function
2021-03-15 22:43:54.341 [Main.java] INFO  iiitb.org.ScientificCalculator.entities.Main - Using Web App
2021-03-15 22:43:54.341 [ScientificCalculator.java] INFO  iiitb.org.ScientificCalculator.entities.ScientificCalculator - Computing compute_expression function
2021-03-15 22:43:54.342 [Main.java] INFO  iiitb.org.ScientificCalculator.entities.Main - Using Web App
2021-03-15 22:43:54.342 [ScientificCalculator.java] INFO  iiitb.org.ScientificCalculator.entities.ScientificCalculator - Computing compute_expression function
2021-03-15 22:43:54.343 [Main.java] INFO  iiitb.org.ScientificCalculator.entities.Main - Using Web App
2021-03-15 22:43:54.343 [ScientificCalculator.java] INFO  iiitb.org.ScientificCalculator.entities.ScientificCalculator - Computing compute_expression function
